<?xml version="1.0" encoding="UTF-8"?>
<robot generator="Robot 7.3.1 (Python 3.13.5 on win32)" generated="2025-07-03T23:02:36.197746" rpa="false" schemaversion="5">
<suite id="s1" name="eSIM" source="C:\Users\Niranjan Reddy Dodda\PycharmProjects\API-Request-Response\eSIM.robot">
<test id="s1-t1" name="Authorization Request" line="10">
<kw name="Log" owner="BuiltIn">
<msg time="2025-07-03T23:02:36.522795" level="INFO">"Getting OAuth2 token"</msg>
<arg>"Getting OAuth2 token"</arg>
<doc>Logs the given message with the given level.</doc>
<status status="PASS" start="2025-07-03T23:02:36.522530" elapsed="0.001389"/>
</kw>
<kw name="Get OTHER Token">
<kw name="Get Oauth Token" owner="Orders">
<msg time="2025-07-03T23:02:36.525034" level="INFO">Requesting OAuth token from: https://sandbox-partners-api.airalo.com/v2/token</msg>
<msg time="2025-07-03T23:02:37.026660" level="INFO">OAuth token acquired successfully.</msg>
<msg time="2025-07-03T23:02:37.027511" level="INFO">C:\Users\Niranjan Reddy Dodda\AppData\Roaming\Python\Python313\site-packages\urllib3\connectionpool.py:1097: InsecureRequestWarning: Unverified HTTPS request is being made to host 'sandbox-partners-api.airalo.com'. Adding certificate verification is strongly advised. See: https://urllib3.readthedocs.io/en/latest/advanced-usage.html#tls-warnings
  warnings.warn(</msg>
<msg time="2025-07-03T23:02:37.027752" level="INFO">${token} = eyJ0eXAiOiJKV1QiLCJhbGciOiJSUzI1NiJ9.eyJhdWQiOiI5NTgiLCJqdGkiOiI2M2NkMzNmMmJjODA4MmE3ODE0M2ZlODE3MTZiOWNjNGRhN2NjZWJmZGZhMWQ1M2NkZGY4MjQyZTRkYzVjNTE0YzdjN2EyZmU3MzZkYzFjZCIsImlhdCI6MTc1MTU3NjU1Ny40ODE...</msg>
<var>${token}</var>
<doc>Obtain an OAuth access token using client credentials.</doc>
<status status="PASS" start="2025-07-03T23:02:36.524486" elapsed="0.503358"/>
</kw>
<return>
<value>${token}</value>
<status status="PASS" start="2025-07-03T23:02:37.028051" elapsed="0.000132"/>
</return>
<msg time="2025-07-03T23:02:37.028444" level="INFO">${auth_token} = eyJ0eXAiOiJKV1QiLCJhbGciOiJSUzI1NiJ9.eyJhdWQiOiI5NTgiLCJqdGkiOiI2M2NkMzNmMmJjODA4MmE3ODE0M2ZlODE3MTZiOWNjNGRhN2NjZWJmZGZhMWQ1M2NkZGY4MjQyZTRkYzVjNTE0YzdjN2EyZmU3MzZkYzFjZCIsImlhdCI6MTc1MTU3NjU1Ny40ODE...</msg>
<var>${auth_token}</var>
<doc>Get OAuth2 token for API access</doc>
<status status="PASS" start="2025-07-03T23:02:36.524175" elapsed="0.504379"/>
</kw>
<kw name="Set Suite Variable" owner="BuiltIn">
<msg time="2025-07-03T23:02:37.029042" level="INFO">${auth_token} = eyJ0eXAiOiJKV1QiLCJhbGciOiJSUzI1NiJ9.eyJhdWQiOiI5NTgiLCJqdGkiOiI2M2NkMzNmMmJjODA4MmE3ODE0M2ZlODE3MTZiOWNjNGRhN2NjZWJmZGZhMWQ1M2NkZGY4MjQyZTRkYzVjNTE0YzdjN2EyZmU3MzZkYzFjZCIsImlhdCI6MTc1MTU3NjU1Ny40ODE...</msg>
<arg>${auth_token}</arg>
<arg>${auth_token}</arg>
<doc>Makes a variable available everywhere within the scope of the current suite.</doc>
<status status="PASS" start="2025-07-03T23:02:37.028743" elapsed="0.000375"/>
</kw>
<kw name="Should Not Be Empty" owner="BuiltIn">
<msg time="2025-07-03T23:02:37.029459" level="INFO">Length is 981.</msg>
<arg>${auth_token}</arg>
<arg>"Authorization token should not be empty"</arg>
<doc>Verifies that the given item is not empty.</doc>
<status status="PASS" start="2025-07-03T23:02:37.029238" elapsed="0.000303"/>
</kw>
<doc>Order 6 eSIMs with a specific package and validate the status of the orders.</doc>
<status status="PASS" start="2025-07-03T23:02:36.521628" elapsed="0.508051"/>
</test>
<status status="PASS" start="2025-07-03T23:02:36.210832" elapsed="0.819494"/>
</suite>
<statistics>
<total>
<stat pass="1" fail="0" skip="0">All Tests</stat>
</total>
<tag>
</tag>
<suite>
<stat name="eSIM" id="s1" pass="1" fail="0" skip="0">eSIM</stat>
</suite>
</statistics>
<errors>
</errors>
</robot>
