<?xml version="1.0" encoding="UTF-8"?>
<robot generator="Robot 7.3.1 (Python 3.13.5 on win32)" generated="2025-07-03T20:07:09.985735" rpa="false" schemaversion="5">
<suite id="s1" name="eSIM" source="C:\Users\Niranjan Reddy Dodda\PycharmProjects\API-Request-Response\eSIM.robot">
<test id="s1-t1" name="Order_eSIM" line="10">
<kw name="Get OTHER Token">
<kw name="Get Oauth Token" owner="Orders">
<msg time="2025-07-03T20:07:10.300500" level="INFO">Requesting OAuth token from: https://sandbox-partners-api.airalo.com/v2/token</msg>
<msg time="2025-07-03T20:07:10.648155" level="INFO">OAuth token acquired successfully.</msg>
<msg time="2025-07-03T20:07:10.648941" level="INFO">C:\Users\Niranjan Reddy Dodda\AppData\Roaming\Python\Python313\site-packages\urllib3\connectionpool.py:1097: InsecureRequestWarning: Unverified HTTPS request is being made to host 'sandbox-partners-api.airalo.com'. Adding certificate verification is strongly advised. See: https://urllib3.readthedocs.io/en/latest/advanced-usage.html#tls-warnings
  warnings.warn(</msg>
<msg time="2025-07-03T20:07:10.649224" level="INFO">${token} = eyJ0eXAiOiJKV1QiLCJhbGciOiJSUzI1NiJ9.eyJhdWQiOiI5NTgiLCJqdGkiOiI2YTE4M2I4Nzc5MjhhOGI5YjI4NzgzZDY5NTliNTA1MTQ3YTJmOGNiZTVjYjQ0NDA5ZDc4YzZjNWE2OTcxMzU5YWZkNTlkMWI0OWNjNWNkYyIsImlhdCI6MTc1MTU2NjAzMy45MzA...</msg>
<var>${token}</var>
<doc>Obtain an OAuth access token using client credentials.</doc>
<status status="PASS" start="2025-07-03T20:07:10.299812" elapsed="0.349508"/>
</kw>
<return>
<value>${token}</value>
<status status="PASS" start="2025-07-03T20:07:10.649456" elapsed="0.000115"/>
</return>
<msg time="2025-07-03T20:07:10.649770" level="INFO">${auth_token} = eyJ0eXAiOiJKV1QiLCJhbGciOiJSUzI1NiJ9.eyJhdWQiOiI5NTgiLCJqdGkiOiI2YTE4M2I4Nzc5MjhhOGI5YjI4NzgzZDY5NTliNTA1MTQ3YTJmOGNiZTVjYjQ0NDA5ZDc4YzZjNWE2OTcxMzU5YWZkNTlkMWI0OWNjNWNkYyIsImlhdCI6MTc1MTU2NjAzMy45MzA...</msg>
<var>${auth_token}</var>
<doc>Get OAuth2 token for API access</doc>
<status status="PASS" start="2025-07-03T20:07:10.299261" elapsed="0.350578"/>
</kw>
<kw name="Log" owner="BuiltIn">
<msg time="2025-07-03T20:07:10.650206" level="INFO">"Getting OAuth2 token and Place 6 eSIM orders"</msg>
<arg>"Getting OAuth2 token and Place 6 eSIM orders"</arg>
<doc>Logs the given message with the given level.</doc>
<status status="PASS" start="2025-07-03T20:07:10.650012" elapsed="0.000286"/>
</kw>
<kw name="Place &quot;6&quot; eSIMs orders &quot;${auth_token}&quot; with &quot;${package_name}&quot;" source_name="Place &quot;${count}&quot; eSIMs orders &quot;${token}&quot; with &quot;${package_name}&quot;">
<kw name="Place Esim Order" owner="Orders">
<msg time="2025-07-03T20:07:10.651285" level="INFO">Sending order request to https://sandbox-partners-api.airalo.com/v2/orders with payload: {'quantity': (None, '6'), 'package_id': (None, 'merhaba-7days-1gb'), 'type': (None, 'sim'), 'description': (None, 'Order the eSIMs'), 'brand_settings_name': (None, '')}</msg>
<msg time="2025-07-03T20:07:12.107465" level="INFO">Order response received: {'data': {'id': 187454, 'code': '20250703-187454', 'currency': 'USD', 'package_id': 'merhaba-7days-1gb', 'quantity': 6, 'type': 'sim', 'description': 'Order the eSIMs', 'esim_type': 'Prepaid', 'validity': 7, 'package': 'Merhaba-1 GB - 7 Days', 'data': '1 GB', 'price': 4.5, 'created_at': '2025-07-03 18:07:15', 'manual_installation': '&lt;p&gt;&lt;b&gt;eSIM name:&lt;/b&gt;\xa0Merhaba&lt;/p&gt;&lt;p&gt;&lt;b&gt;Coverage:\xa0&lt;/b&gt;Turkey&lt;/p&gt;&lt;p&gt;&lt;b&gt;To manually activate the eSIM on your eSIM capable device:&lt;/b&gt;&lt;/p&gt;&lt;ol&gt;&lt;li&gt;Settings &gt; Cellular/Mobile &gt; Add Cellular/Mobile Plan.&lt;/li&gt;&lt;li&gt;Manually enter the SM-DP+ Address and activation code.&lt;/li&gt;&lt;li&gt;Confirm eSIM plan details.&lt;/li&gt;&lt;li&gt;Label the eSIM.&lt;/li&gt;&lt;/ol&gt;&lt;p&gt;&lt;b&gt;To access Data:&lt;/b&gt;&lt;/p&gt;&lt;ol&gt;&lt;li&gt;Locate the APN settings in your settings menu.&lt;/li&gt;&lt;li&gt;Update the APN to "airalo2"(iOS)/Create a new APN as "airalo2" (Android)\xa0&lt;/li&gt;&lt;li&gt;Enable data roaming.&lt;/li&gt;&lt;/ol&gt;', 'qrcode_installation': '&lt;p&gt;&lt;b&gt;eSIM name:&lt;/b&gt;\xa0Merhaba&lt;/p&gt;&lt;p&gt;&lt;b&gt;Coverage:\xa0&lt;/b&gt;Turkey&lt;/p&gt;&lt;p&gt;&lt;b&gt;To activate the eSIM by scanning the QR code on your eSIM capable device you need to print or display this QR code on another device:&lt;/b&gt;&lt;/p&gt;&lt;ol&gt;&lt;li&gt;Settings &gt; Cellular/Mobile &gt; Add Cellular/Mobile Plan.&lt;/li&gt;&lt;li&gt;Scan QR code.&lt;/li&gt;&lt;li&gt;Confirm eSIM plan details.&lt;/li&gt;&lt;li&gt;Label the eSIM.&lt;/li&gt;&lt;/ol&gt;&lt;p&gt;&lt;b&gt;To access Data:&lt;/b&gt;&lt;/p&gt;&lt;ol&gt;&lt;li&gt;Locate the APN settings in your settings menu.&lt;/li&gt;&lt;li&gt;Update the APN to "airalo2"(iOS)/Create a new APN as "airalo2" (Android)&lt;/li&gt;&lt;li&gt;Enable data roaming.&lt;/li&gt;&lt;/ol&gt;', 'installation_guides': {'en': 'https://www.airalo.com/help/getting-started-with-airalo'}, 'text': None, 'voice': None, 'net_price': 3.6, 'brand_settings_name': None, 'sims': [{'id': 276564, 'created_at': '2025-07-03 18:07:15', 'iccid': '873000000000009177', 'lpa': 'lpa.airalo.com', 'imsis': None, 'matching_id': 'TEST', 'qrcode': 'LPA:1$lpa.airalo.com$TEST', 'qrcode_url': 'https://sandbox.airalo.com/qr?expires=1837879635&amp;id=315188&amp;signature=3379b5a59e1d60d10903360c1da903d94203766dac98452008be64ad89abb147', 'airalo_code': None, 'apn_type': 'manual', 'apn_value': 'airalo2', 'is_roaming': True, 'confirmation_code': None, 'apn': {'ios': {'apn_type': 'manual', 'apn_value': 'airalo2'}, 'android': {'apn_type': 'manual', 'apn_value': 'airalo2'}}, 'msisdn': None, 'direct_apple_installation_url': 'https://esimsetup.apple.com/esim_qrcode_provisioning?carddata=LPA:1$lpa.airalo.com$TEST'}, {'id': 276565, 'created_at': '2025-07-03 18:07:15', 'iccid': '8936000000002513', 'lpa': 'generated.airalo.lpa.test', 'imsis': None, 'matching_id': '5988626318', 'qrcode': 'LPA:1$generated.airalo.lpa.test$5988626318', 'qrcode_url': 'https://sandbox.airalo.com/qr?expires=1837879635&amp;id=315189&amp;signature=960f59e3e31ad84bf5ffbd1d283236570f781cdd31107740bad262d37895db51', 'airalo_code': None, 'apn_type': 'manual', 'apn_value': 'airalo2', 'is_roaming': True, 'confirmation_code': None, 'apn': {'ios': {'apn_type': 'manual', 'apn_value': 'airalo2'}, 'android': {'apn_type': 'manual', 'apn_value': 'airalo2'}}, 'msisdn': None, 'direct_apple_installation_url': 'https://esimsetup.apple.com/esim_qrcode_provisioning?carddata=LPA:1$generated.airalo.lpa.test$5988626318'}, {'id': 276566, 'created_at': '2025-07-03 18:07:15', 'iccid': '873000000000009178', 'lpa': 'lpa.airalo.com', 'imsis': None, 'matching_id': 'TEST', 'qrcode': 'LPA:1$lpa.airalo.com$TEST', 'qrcode_url': 'https://sandbox.airalo.com/qr?expires=1837879635&amp;id=315190&amp;signature=0f68652b14e3cdf89f7098c40950f633b8ea4e7f18045d57742b89d86ead2d3c', 'airalo_code': None, 'apn_type': 'manual', 'apn_value': 'airalo2', 'is_roaming': True, 'confirmation_code': None, 'apn': {'ios': {'apn_type': 'manual', 'apn_value': 'airalo2'}, 'android': {'apn_type': 'manual', 'apn_value': 'airalo2'}}, 'msisdn': None, 'direct_apple_installation_url': 'https://esimsetup.apple.com/esim_qrcode_provisioning?carddata=LPA:1$lpa.airalo.com$TEST'}, {'id': 276567, 'created_at': '2025-07-03 18:07:15', 'iccid': '8936000000002514', 'lpa': 'generated.airalo.lpa.test', 'imsis': None, 'matching_id': '3852449323', 'qrcode': 'LPA:1$generated.airalo.lpa.test$3852449323', 'qrcode_url': 'https://sandbox.airalo.com/qr?expires=1837879635&amp;id=315191&amp;signature=4b95fb080384ac75c7e128ab953d6a0d3cdddab2590e7f329c1c91edbcd9d83f', 'airalo_code': None, 'apn_type': 'manual', 'apn_value': 'airalo2', 'is_roaming': True, 'confirmation_code': None, 'apn': {'ios': {'apn_type': 'manual', 'apn_value': 'airalo2'}, 'android': {'apn_type': 'manual', 'apn_value': 'airalo2'}}, 'msisdn': None, 'direct_apple_installation_url': 'https://esimsetup.apple.com/esim_qrcode_provisioning?carddata=LPA:1$generated.airalo.lpa.test$3852449323'}, {'id': 276568, 'created_at': '2025-07-03 18:07:15', 'iccid': '8936000000002515', 'lpa': 'generated.airalo.lpa.test', 'imsis': None, 'matching_id': '5668205730', 'qrcode': 'LPA:1$generated.airalo.lpa.test$5668205730', 'qrcode_url': 'https://sandbox.airalo.com/qr?expires=1837879635&amp;id=315192&amp;signature=32831f14d194fa72d37e3c1fef464ef7f0ffc29a235a4059518ef6ecd7ac6b7f', 'airalo_code': None, 'apn_type': 'manual', 'apn_value': 'airalo2', 'is_roaming': True, 'confirmation_code': None, 'apn': {'ios': {'apn_type': 'manual', 'apn_value': 'airalo2'}, 'android': {'apn_type': 'manual', 'apn_value': 'airalo2'}}, 'msisdn': None, 'direct_apple_installation_url': 'https://esimsetup.apple.com/esim_qrcode_provisioning?carddata=LPA:1$generated.airalo.lpa.test$5668205730'}, {'id': 276569, 'created_at': '2025-07-03 18:07:15', 'iccid': '8936000000002516', 'lpa': 'generated.airalo.lpa.test', 'imsis': None, 'matching_id': '2018756157', 'qrcode': 'LPA:1$generated.airalo.lpa.test$2018756157', 'qrcode_url': 'https://sandbox.airalo.com/qr?expires=1837879635&amp;id=315193&amp;signature=6cf52f34cf6ef9df875d4e8a3d3e5e9b5db78e24e34d54d9e189e3372ea52f00', 'airalo_code': None, 'apn_type': 'manual', 'apn_value': 'airalo2', 'is_roaming': True, 'confirmation_code': None, 'apn': {'ios': {'apn_type': 'manual', 'apn_value': 'airalo2'}, 'android': {'apn_type': 'manual', 'apn_value': 'airalo2'}}, 'msisdn': None, 'direct_apple_installation_url': 'https://esimsetup.apple.com/esim_qrcode_provisioning?carddata=LPA:1$generated.airalo.lpa.test$2018756157'}]}, 'meta': {'message': 'success'}}</msg>
<msg time="2025-07-03T20:07:12.108178" level="INFO">${response_payload} = ['873000000000009177', '8936000000002513', '873000000000009178', '8936000000002514', '8936000000002515', '8936000000002516']</msg>
<var>${response_payload}</var>
<arg>${token}</arg>
<arg>${count}</arg>
<arg>${package_name}</arg>
<doc>Create an order for eSIMs via the Airalo API and return a list of ICCIDs.</doc>
<status status="PASS" start="2025-07-03T20:07:10.650924" elapsed="1.457340"/>
</kw>
<return>
<value>${response_payload}</value>
<status status="PASS" start="2025-07-03T20:07:12.108404" elapsed="0.000129"/>
</return>
<msg time="2025-07-03T20:07:12.108715" level="INFO">${iccids_list} = ['873000000000009177', '8936000000002513', '873000000000009178', '8936000000002514', '8936000000002515', '8936000000002516']</msg>
<var>${iccids_list}</var>
<doc>POST an order for 6 merhaba-7days-1gb esims.</doc>
<status status="PASS" start="2025-07-03T20:07:10.650559" elapsed="1.458221"/>
</kw>
<kw name="Log" owner="BuiltIn">
<msg time="2025-07-03T20:07:12.109133" level="INFO">"Validating list of eSIMs...['873000000000009177', '8936000000002513', '873000000000009178', '8936000000002514', '8936000000002515', '8936000000002516']"</msg>
<arg>"Validating list of eSIMs...${iccids_list}"</arg>
<doc>Logs the given message with the given level.</doc>
<status status="PASS" start="2025-07-03T20:07:12.108933" elapsed="0.000282"/>
</kw>
<kw name="Get and Validate &quot;6&quot; eSIM order status &quot;${auth_token}&quot; and details &quot;${iccids_list}&quot;" source_name="Get and Validate &quot;${count}&quot; eSIM order status &quot;${token}&quot; and details &quot;${response_payload}&quot;">
<kw name="Sims List" owner="Orders">
<msg time="2025-07-03T20:07:12.109973" level="INFO">Fetching eSIM list from: https://sandbox-partners-api.airalo.com/v2/sims</msg>
<msg time="2025-07-03T20:07:12.742259" level="INFO">API Response [200]: {"data":[{"id":276569,"created_at":"2025-07-03 18:07:15","iccid":"8936000000002516","lpa":"generated.airalo.lpa.test","imsis":null,"matching_id":"2018756157","confirmation_code":null,"qrcode":"LPA:1$generated.airalo.lpa.test$2018756157","qrcode_url":"https:\/\/sandbox.airalo.com\/qr?expires=1837879635&amp;id=315193&amp;signature=6cf52f34cf6ef9df875d4e8a3d3e5e9b5db78e24e34d54d9e189e3372ea52f00","direct_apple_installation_url":"https:\/\/esimsetup.apple.com\/esim_qrcode_provisioning?carddata=LPA:1$generated.airalo.lpa.test$2018756157","voucher_code":null,"airalo_code":null,"apn_type":"manual","apn_value":"airalo2","is_roaming":true,"brand_settings_name":null,"msisdn":null,"apn":{"ios":{"apn_type":"manual","apn_value":"airalo2"},"android":{"apn_type":"manual","apn_value":"airalo2"}},"recycled":false,"recycled_at":null,"simable":{"id":187454,"code":"20250703-187454","package_id":"merhaba-7days-1gb","currency":"USD","quantity":6,"type":"sim","description":"Order the eSIMs","esim_type":"Prepaid","validity":"7","package":"Merhaba-1 GB - 7 Days","data":"1 GB","price":"4.5","created_at":"2025-07-03 18:07:15","manual_installation":"&lt;p&gt;&lt;b&gt;eSIM name:&lt;\/b&gt;\u00a0Merhaba&lt;\/p&gt;&lt;p&gt;&lt;b&gt;Coverage:\u00a0&lt;\/b&gt;Turkey&lt;\/p&gt;&lt;p&gt;&lt;b&gt;To manually activate the eSIM on your eSIM capable device:&lt;\/b&gt;&lt;\/p&gt;&lt;ol&gt;&lt;li&gt;Settings &gt; Cellular\/Mobile &gt; Add Cellular\/Mobile Plan.&lt;\/li&gt;&lt;li&gt;Manually enter the SM-DP+ Address and activation code.&lt;\/li&gt;&lt;li&gt;Confirm eSIM plan details.&lt;\/li&gt;&lt;li&gt;Label the eSIM.&lt;\/li&gt;&lt;\/ol&gt;&lt;p&gt;&lt;b&gt;To access Data:&lt;\/b&gt;&lt;\/p&gt;&lt;ol&gt;&lt;li&gt;Locate the APN settings in your settings menu.&lt;\/li&gt;&lt;li&gt;Update the APN to \"airalo2\"(iOS)\/Create a new APN as \"airalo2\" (Android)\u00a0&lt;\/li&gt;&lt;li&gt;Enable data roaming.&lt;\/li&gt;&lt;\/ol&gt;&lt;p&gt;&lt;b&gt;To top-up:&lt;\/b&gt;&lt;\/p&gt;&lt;p&gt;Visit airalo.com\/my-esims or if purchased through the Airalo website\/app visit \u201cMy eSIMs\u201d tab.&lt;\/p&gt;&lt;p&gt;&lt;br&gt;&lt;\/p&gt;","qrcode_installation":"&lt;p&gt;&lt;b&gt;eSIM name:&lt;\/b&gt;\u00a0Merhaba&lt;\/p&gt;&lt;p&gt;&lt;b&gt;Coverage:\u00a0&lt;\/b&gt;Turkey&lt;\/p&gt;&lt;p&gt;&lt;b&gt;To activate the eSIM by scanning the QR code on your eSIM capable device you need to print or display this QR code on another device:&lt;\/b&gt;&lt;\/p&gt;&lt;ol&gt;&lt;li&gt;Settings &gt; Cellular\/Mobile &gt; Add Cellular\/Mobile Plan.&lt;\/li&gt;&lt;li&gt;Scan QR code.&lt;\/li&gt;&lt;li&gt;Confirm eSIM plan details.&lt;\/li&gt;&lt;li&gt;Label the eSIM.&lt;\/li&gt;&lt;\/ol&gt;&lt;p&gt;&lt;b&gt;To access Data:&lt;\/b&gt;&lt;\/p&gt;&lt;ol&gt;&lt;li&gt;Locate the APN settings in your settings menu.&lt;\/li&gt;&lt;li&gt;Update the APN to \"airalo2\"(iOS)\/Create a new APN as \"airalo2\" (Android)&lt;\/li&gt;&lt;li&gt;Enable data roaming.&lt;\/li&gt;&lt;\/ol&gt;&lt;p&gt;&lt;b&gt;To top-up:&lt;\/b&gt;&lt;\/p&gt;&lt;p&gt;Visit airalo.com\/my-esims or if purchased through the Airalo website\/app visit \u201cMy eSIMs\u201d tab.&lt;\/p&gt;&lt;p&gt;&lt;br&gt;&lt;\/p&gt;","installation_guides":{"en":"https:\/\/www.airalo.com\/help\/getting-started-with-airalo"},"text":null,"voice":null,"net_price":3.6,"status":{"name":"Completed","slug":"completed"}}},{"id":276568,"created_at":"2025-07-03 18:07:15","iccid":"8936000000002515","lpa":"generated.airalo.lpa.test","imsis":null,"matching_id":"5668205730","confirmation_code":null,"qrcode":"LPA:1$generated.airalo.lpa.test$5668205730","qrcode_url":"https:\/\/sandbox.airalo.com\/qr?expires=1837879635&amp;id=315192&amp;signature=32831f14d194fa72d37e3c1fef464ef7f0ffc29a235a4059518ef6ecd7ac6b7f","direct_apple_installation_url":"https:\/\/esimsetup.apple.com\/esim_qrcode_provisioning?carddata=LPA:1$generated.airalo.lpa.test$5668205730","voucher_code":null,"airalo_code":null,"apn_type":"manual","apn_value":"airalo2","is_roaming":true,"brand_settings_name":null,"msisdn":null,"apn":{"ios":{"apn_type":"manual","apn_value":"airalo2"},"android":{"apn_type":"manual","apn_value":"airalo2"}},"recycled":false,"recycled_at":null,"simable":{"id":187454,"code":"20250703-187454","package_id":"merhaba-7days-1gb","currency":"USD","quantity":6,"type":"sim","description":"Order the eSIMs","esim_type":"Prepaid","validity":"7","package":"Merhaba-1 GB - 7 Days","data":"1 GB","price":"4.5","created_at":"2025-07-03 18:07:15","manual_installation":"&lt;p&gt;&lt;b&gt;eSIM name:&lt;\/b&gt;\u00a0Merhaba&lt;\/p&gt;&lt;p&gt;&lt;b&gt;Coverage:\u00a0&lt;\/b&gt;Turkey&lt;\/p&gt;&lt;p&gt;&lt;b&gt;To manually activate the eSIM on your eSIM capable device:&lt;\/b&gt;&lt;\/p&gt;&lt;ol&gt;&lt;li&gt;Settings &gt; Cellular\/Mobile &gt; Add Cellular\/Mobile Plan.&lt;\/li&gt;&lt;li&gt;Manually enter the SM-DP+ Address and activation code.&lt;\/li&gt;&lt;li&gt;Confirm eSIM plan details.&lt;\/li&gt;&lt;li&gt;Label the eSIM.&lt;\/li&gt;&lt;\/ol&gt;&lt;p&gt;&lt;b&gt;To access Data:&lt;\/b&gt;&lt;\/p&gt;&lt;ol&gt;&lt;li&gt;Locate the APN settings in your settings menu.&lt;\/li&gt;&lt;li&gt;Update the APN to \"airalo2\"(iOS)\/Create a new APN as \"airalo2\" (Android)\u00a0&lt;\/li&gt;&lt;li&gt;Enable data roaming.&lt;\/li&gt;&lt;\/ol&gt;&lt;p&gt;&lt;b&gt;To top-up:&lt;\/b&gt;&lt;\/p&gt;&lt;p&gt;Visit airalo.com\/my-esims or if purchased through the Airalo website\/app visit \u201cMy eSIMs\u201d tab.&lt;\/p&gt;&lt;p&gt;&lt;br&gt;&lt;\/p&gt;","qrcode_installation":"&lt;p&gt;&lt;b&gt;eSIM name:&lt;\/b&gt;\u00a0Merhaba&lt;\/p&gt;&lt;p&gt;&lt;b&gt;Coverage:\u00a0&lt;\/b&gt;Turkey&lt;\/p&gt;&lt;p&gt;&lt;b&gt;To activate the eSIM by scanning the QR code on your eSIM capable device you need to print or display this QR code on another device:&lt;\/b&gt;&lt;\/p&gt;&lt;ol&gt;&lt;li&gt;Settings &gt; Cellular\/Mobile &gt; Add Cellular\/Mobile Plan.&lt;\/li&gt;&lt;li&gt;Scan QR code.&lt;\/li&gt;&lt;li&gt;Confirm eSIM plan details.&lt;\/li&gt;&lt;li&gt;Label the eSIM.&lt;\/li&gt;&lt;\/ol&gt;&lt;p&gt;&lt;b&gt;To access Data:&lt;\/b&gt;&lt;\/p&gt;&lt;ol&gt;&lt;li&gt;Locate the APN settings in your settings menu.&lt;\/li&gt;&lt;li&gt;Update the APN to \"airalo2\"(iOS)\/Create a new APN as \"airalo2\" (Android)&lt;\/li&gt;&lt;li&gt;Enable data roaming.&lt;\/li&gt;&lt;\/ol&gt;&lt;p&gt;&lt;b&gt;To top-up:&lt;\/b&gt;&lt;\/p&gt;&lt;p&gt;Visit airalo.com\/my-esims or if purchased through the Airalo website\/app visit \u201cMy eSIMs\u201d tab.&lt;\/p&gt;&lt;p&gt;&lt;br&gt;&lt;\/p&gt;","installation_guides":{"en":"https:\/\/www.airalo.com\/help\/getting-started-with-airalo"},"text":null,"voice":null,"net_price":3.6,"status":{"name":"Completed","slug":"completed"}}},{"id":276567,"created_at":"2025-07-03 18:07:15","iccid":"8936000000002514","lpa":"generated.airalo.lpa.test","imsis":null,"matching_id":"3852449323","confirmation_code":null,"qrcode":"LPA:1$generated.airalo.lpa.test$3852449323","qrcode_url":"https:\/\/sandbox.airalo.com\/qr?expires=1837879635&amp;id=315191&amp;signature=4b95fb080384ac75c7e128ab953d6a0d3cdddab2590e7f329c1c91edbcd9d83f","direct_apple_installation_url":"https:\/\/esimsetup.apple.com\/esim_qrcode_provisioning?carddata=LPA:1$generated.airalo.lpa.test$3852449323","voucher_code":null,"airalo_code":null,"apn_type":"manual","apn_value":"airalo2","is_roaming":true,"brand_settings_name":null,"msisdn":null,"apn":{"ios":{"apn_type":"manual","apn_value":"airalo2"},"android":{"apn_type":"manual","apn_value":"airalo2"}},"recycled":false,"recycled_at":null,"simable":{"id":187454,"code":"20250703-187454","package_id":"merhaba-7days-1gb","currency":"USD","quantity":6,"type":"sim","description":"Order the eSIMs","esim_type":"Prepaid","validity":"7","package":"Merhaba-1 GB - 7 Days","data":"1 GB","price":"4.5","created_at":"2025-07-03 18:07:15","manual_installation":"&lt;p&gt;&lt;b&gt;eSIM name:&lt;\/b&gt;\u00a0Merhaba&lt;\/p&gt;&lt;p&gt;&lt;b&gt;Coverage:\u00a0&lt;\/b&gt;Turkey&lt;\/p&gt;&lt;p&gt;&lt;b&gt;To manually activate the eSIM on your eSIM capable device:&lt;\/b&gt;&lt;\/p&gt;&lt;ol&gt;&lt;li&gt;Settings &gt; Cellular\/Mobile &gt; Add Cellular\/Mobile Plan.&lt;\/li&gt;&lt;li&gt;Manually enter the SM-DP+ Address and activation code.&lt;\/li&gt;&lt;li&gt;Confirm eSIM plan details.&lt;\/li&gt;&lt;li&gt;Label the eSIM.&lt;\/li&gt;&lt;\/ol&gt;&lt;p&gt;&lt;b&gt;To access Data:&lt;\/b&gt;&lt;\/p&gt;&lt;ol&gt;&lt;li&gt;Locate the APN settings in your settings menu.&lt;\/li&gt;&lt;li&gt;Update the APN to \"airalo2\"(iOS)\/Create a new APN as \"airalo2\" (Android)\u00a0&lt;\/li&gt;&lt;li&gt;Enable data roaming.&lt;\/li&gt;&lt;\/ol&gt;&lt;p&gt;&lt;b&gt;To top-up:&lt;\/b&gt;&lt;\/p&gt;&lt;p&gt;Visit airalo.com\/my-esims or if purchased through the Airalo website\/app visit \u201cMy eSIMs\u201d tab.&lt;\/p&gt;&lt;p&gt;&lt;br&gt;&lt;\/p&gt;","qrcode_installation":"&lt;p&gt;&lt;b&gt;eSIM name:&lt;\/b&gt;\u00a0Merhaba&lt;\/p&gt;&lt;p&gt;&lt;b&gt;Coverage:\u00a0&lt;\/b&gt;Turkey&lt;\/p&gt;&lt;p&gt;&lt;b&gt;To activate the eSIM by scanning the QR code on your eSIM capable device you need to print or display this QR code on another device:&lt;\/b&gt;&lt;\/p&gt;&lt;ol&gt;&lt;li&gt;Settings &gt; Cellular\/Mobile &gt; Add Cellular\/Mobile Plan.&lt;\/li&gt;&lt;li&gt;Scan QR code.&lt;\/li&gt;&lt;li&gt;Confirm eSIM plan details.&lt;\/li&gt;&lt;li&gt;Label the eSIM.&lt;\/li&gt;&lt;\/ol&gt;&lt;p&gt;&lt;b&gt;To access Data:&lt;\/b&gt;&lt;\/p&gt;&lt;ol&gt;&lt;li&gt;Locate the APN settings in your settings menu.&lt;\/li&gt;&lt;li&gt;Update the APN to \"airalo2\"(iOS)\/Create a new APN as \"airalo2\" (Android)&lt;\/li&gt;&lt;li&gt;Enable data roaming.&lt;\/li&gt;&lt;\/ol&gt;&lt;p&gt;&lt;b&gt;To top-up:&lt;\/b&gt;&lt;\/p&gt;&lt;p&gt;Visit airalo.com\/my-esims or if purchased through the Airalo website\/app visit \u201cMy eSIMs\u201d tab.&lt;\/p&gt;&lt;p&gt;&lt;br&gt;&lt;\/p&gt;","installation_guides":{"en":"https:\/\/www.airalo.com\/help\/getting-started-with-airalo"},"text":null,"voice":null,"net_price":3.6,"status":{"name":"Completed","slug":"completed"}}},{"id":276566,"created_at":"2025-07-03 18:07:15","iccid":"873000000000009178","lpa":"lpa.airalo.com","imsis":null,"matching_id":"TEST","confirmation_code":null,"qrcode":"LPA:1$lpa.airalo.com$TEST","qrcode_url":"https:\/\/sandbox.airalo.com\/qr?expires=1837879635&amp;id=315190&amp;signature=0f68652b14e3cdf89f7098c40950f633b8ea4e7f18045d57742b89d86ead2d3c","direct_apple_installation_url":"https:\/\/esimsetup.apple.com\/esim_qrcode_provisioning?carddata=LPA:1$lpa.airalo.com$TEST","voucher_code":null,"airalo_code":null,"apn_type":"manual","apn_value":"airalo2","is_roaming":true,"brand_settings_name":null,"msisdn":null,"apn":{"ios":{"apn_type":"manual","apn_value":"airalo2"},"android":{"apn_type":"manual","apn_value":"airalo2"}},"recycled":false,"recycled_at":null,"simable":{"id":187454,"code":"20250703-187454","package_id":"merhaba-7days-1gb","currency":"USD","quantity":6,"type":"sim","description":"Order the eSIMs","esim_type":"Prepaid","validity":"7","package":"Merhaba-1 GB - 7 Days","data":"1 GB","price":"4.5","created_at":"2025-07-03 18:07:15","manual_installation":"&lt;p&gt;&lt;b&gt;eSIM name:&lt;\/b&gt;\u00a0Merhaba&lt;\/p&gt;&lt;p&gt;&lt;b&gt;Coverage:\u00a0&lt;\/b&gt;Turkey&lt;\/p&gt;&lt;p&gt;&lt;b&gt;To manually activate the eSIM on your eSIM capable device:&lt;\/b&gt;&lt;\/p&gt;&lt;ol&gt;&lt;li&gt;Settings &gt; Cellular\/Mobile &gt; Add Cellular\/Mobile Plan.&lt;\/li&gt;&lt;li&gt;Manually enter the SM-DP+ Address and activation code.&lt;\/li&gt;&lt;li&gt;Confirm eSIM plan details.&lt;\/li&gt;&lt;li&gt;Label the eSIM.&lt;\/li&gt;&lt;\/ol&gt;&lt;p&gt;&lt;b&gt;To access Data:&lt;\/b&gt;&lt;\/p&gt;&lt;ol&gt;&lt;li&gt;Locate the APN settings in your settings menu.&lt;\/li&gt;&lt;li&gt;Update the APN to \"airalo2\"(iOS)\/Create a new APN as \"airalo2\" (Android)\u00a0&lt;\/li&gt;&lt;li&gt;Enable data roaming.&lt;\/li&gt;&lt;\/ol&gt;&lt;p&gt;&lt;b&gt;To top-up:&lt;\/b&gt;&lt;\/p&gt;&lt;p&gt;Visit airalo.com\/my-esims or if purchased through the Airalo website\/app visit \u201cMy eSIMs\u201d tab.&lt;\/p&gt;&lt;p&gt;&lt;br&gt;&lt;\/p&gt;","qrcode_installation":"&lt;p&gt;&lt;b&gt;eSIM name:&lt;\/b&gt;\u00a0Merhaba&lt;\/p&gt;&lt;p&gt;&lt;b&gt;Coverage:\u00a0&lt;\/b&gt;Turkey&lt;\/p&gt;&lt;p&gt;&lt;b&gt;To activate the eSIM by scanning the QR code on your eSIM capable device you need to print or display this QR code on another device:&lt;\/b&gt;&lt;\/p&gt;&lt;ol&gt;&lt;li&gt;Settings &gt; Cellular\/Mobile &gt; Add Cellular\/Mobile Plan.&lt;\/li&gt;&lt;li&gt;Scan QR code.&lt;\/li&gt;&lt;li&gt;Confirm eSIM plan details.&lt;\/li&gt;&lt;li&gt;Label the eSIM.&lt;\/li&gt;&lt;\/ol&gt;&lt;p&gt;&lt;b&gt;To access Data:&lt;\/b&gt;&lt;\/p&gt;&lt;ol&gt;&lt;li&gt;Locate the APN settings in your settings menu.&lt;\/li&gt;&lt;li&gt;Update the APN to \"airalo2\"(iOS)\/Create a new APN as \"airalo2\" (Android)&lt;\/li&gt;&lt;li&gt;Enable data roaming.&lt;\/li&gt;&lt;\/ol&gt;&lt;p&gt;&lt;b&gt;To top-up:&lt;\/b&gt;&lt;\/p&gt;&lt;p&gt;Visit airalo.com\/my-esims or if purchased through the Airalo website\/app visit \u201cMy eSIMs\u201d tab.&lt;\/p&gt;&lt;p&gt;&lt;br&gt;&lt;\/p&gt;","installation_guides":{"en":"https:\/\/www.airalo.com\/help\/getting-started-with-airalo"},"text":null,"voice":null,"net_price":3.6,"status":{"name":"Completed","slug":"completed"}}},{"id":276565,"created_at":"2025-07-03 18:07:15","iccid":"8936000000002513","lpa":"generated.airalo.lpa.test","imsis":null,"matching_id":"5988626318","confirmation_code":null,"qrcode":"LPA:1$generated.airalo.lpa.test$5988626318","qrcode_url":"https:\/\/sandbox.airalo.com\/qr?expires=1837879635&amp;id=315189&amp;signature=960f59e3e31ad84bf5ffbd1d283236570f781cdd31107740bad262d37895db51","direct_apple_installation_url":"https:\/\/esimsetup.apple.com\/esim_qrcode_provisioning?carddata=LPA:1$generated.airalo.lpa.test$5988626318","voucher_code":null,"airalo_code":null,"apn_type":"manual","apn_value":"airalo2","is_roaming":true,"brand_settings_name":null,"msisdn":null,"apn":{"ios":{"apn_type":"manual","apn_value":"airalo2"},"android":{"apn_type":"manual","apn_value":"airalo2"}},"recycled":false,"recycled_at":null,"simable":{"id":187454,"code":"20250703-187454","package_id":"merhaba-7days-1gb","currency":"USD","quantity":6,"type":"sim","description":"Order the eSIMs","esim_type":"Prepaid","validity":"7","package":"Merhaba-1 GB - 7 Days","data":"1 GB","price":"4.5","created_at":"2025-07-03 18:07:15","manual_installation":"&lt;p&gt;&lt;b&gt;eSIM name:&lt;\/b&gt;\u00a0Merhaba&lt;\/p&gt;&lt;p&gt;&lt;b&gt;Coverage:\u00a0&lt;\/b&gt;Turkey&lt;\/p&gt;&lt;p&gt;&lt;b&gt;To manually activate the eSIM on your eSIM capable device:&lt;\/b&gt;&lt;\/p&gt;&lt;ol&gt;&lt;li&gt;Settings &gt; Cellular\/Mobile &gt; Add Cellular\/Mobile Plan.&lt;\/li&gt;&lt;li&gt;Manually enter the SM-DP+ Address and activation code.&lt;\/li&gt;&lt;li&gt;Confirm eSIM plan details.&lt;\/li&gt;&lt;li&gt;Label the eSIM.&lt;\/li&gt;&lt;\/ol&gt;&lt;p&gt;&lt;b&gt;To access Data:&lt;\/b&gt;&lt;\/p&gt;&lt;ol&gt;&lt;li&gt;Locate the APN settings in your settings menu.&lt;\/li&gt;&lt;li&gt;Update the APN to \"airalo2\"(iOS)\/Create a new APN as \"airalo2\" (Android)\u00a0&lt;\/li&gt;&lt;li&gt;Enable data roaming.&lt;\/li&gt;&lt;\/ol&gt;&lt;p&gt;&lt;b&gt;To top-up:&lt;\/b&gt;&lt;\/p&gt;&lt;p&gt;Visit airalo.com\/my-esims or if purchased through the Airalo website\/app visit \u201cMy eSIMs\u201d tab.&lt;\/p&gt;&lt;p&gt;&lt;br&gt;&lt;\/p&gt;","qrcode_installation":"&lt;p&gt;&lt;b&gt;eSIM name:&lt;\/b&gt;\u00a0Merhaba&lt;\/p&gt;&lt;p&gt;&lt;b&gt;Coverage:\u00a0&lt;\/b&gt;Turkey&lt;\/p&gt;&lt;p&gt;&lt;b&gt;To activate the eSIM by scanning the QR code on your eSIM capable device you need to print or display this QR code on another device:&lt;\/b&gt;&lt;\/p&gt;&lt;ol&gt;&lt;li&gt;Settings &gt; Cellular\/Mobile &gt; Add Cellular\/Mobile Plan.&lt;\/li&gt;&lt;li&gt;Scan QR code.&lt;\/li&gt;&lt;li&gt;Confirm eSIM plan details.&lt;\/li&gt;&lt;li&gt;Label the eSIM.&lt;\/li&gt;&lt;\/ol&gt;&lt;p&gt;&lt;b&gt;To access Data:&lt;\/b&gt;&lt;\/p&gt;&lt;ol&gt;&lt;li&gt;Locate the APN settings in your settings menu.&lt;\/li&gt;&lt;li&gt;Update the APN to \"airalo2\"(iOS)\/Create a new APN as \"airalo2\" (Android)&lt;\/li&gt;&lt;li&gt;Enable data roaming.&lt;\/li&gt;&lt;\/ol&gt;&lt;p&gt;&lt;b&gt;To top-up:&lt;\/b&gt;&lt;\/p&gt;&lt;p&gt;Visit airalo.com\/my-esims or if purchased through the Airalo website\/app visit \u201cMy eSIMs\u201d tab.&lt;\/p&gt;&lt;p&gt;&lt;br&gt;&lt;\/p&gt;","installation_guides":{"en":"https:\/\/www.airalo.com\/help\/getting-started-with-airalo"},"text":null,"voice":null,"net_price":3.6,"status":{"name":"Completed","slug":"completed"}}},{"id":276564,"created_at":"2025-07-03 18:07:15","iccid":"873000000000009177","lpa":"lpa.airalo.com","imsis":null,"matching_id":"TEST","confirmation_code":null,"qrcode":"LPA:1$lpa.airalo.com$TEST","qrcode_url":"https:\/\/sandbox.airalo.com\/qr?expires=1837879635&amp;id=315188&amp;signature=3379b5a59e1d60d10903360c1da903d94203766dac98452008be64ad89abb147","direct_apple_installation_url":"https:\/\/esimsetup.apple.com\/esim_qrcode_provisioning?carddata=LPA:1$lpa.airalo.com$TEST","voucher_code":null,"airalo_code":null,"apn_type":"manual","apn_value":"airalo2","is_roaming":true,"brand_settings_name":null,"msisdn":null,"apn":{"ios":{"apn_type":"manual","apn_value":"airalo2"},"android":{"apn_type":"manual","apn_value":"airalo2"}},"recycled":false,"recycled_at":null,"simable":{"id":187454,"code":"20250703-187454","package_id":"merhaba-7days-1gb","currency":"USD","quantity":6,"type":"sim","description":"Order the eSIMs","esim_type":"Prepaid","validity":"7","package":"Merhaba-1 GB - 7 Days","data":"1 GB","price":"4.5","created_at":"2025-07-03 18:07:15","manual_installation":"&lt;p&gt;&lt;b&gt;eSIM name:&lt;\/b&gt;\u00a0Merhaba&lt;\/p&gt;&lt;p&gt;&lt;b&gt;Coverage:\u00a0&lt;\/b&gt;Turkey&lt;\/p&gt;&lt;p&gt;&lt;b&gt;To manually activate the eSIM on your eSIM capable device:&lt;\/b&gt;&lt;\/p&gt;&lt;ol&gt;&lt;li&gt;Settings &gt; Cellular\/Mobile &gt; Add Cellular\/Mobile Plan.&lt;\/li&gt;&lt;li&gt;Manually enter the SM-DP+ Address and activation code.&lt;\/li&gt;&lt;li&gt;Confirm eSIM plan details.&lt;\/li&gt;&lt;li&gt;Label the eSIM.&lt;\/li&gt;&lt;\/ol&gt;&lt;p&gt;&lt;b&gt;To access Data:&lt;\/b&gt;&lt;\/p&gt;&lt;ol&gt;&lt;li&gt;Locate the APN settings in your settings menu.&lt;\/li&gt;&lt;li&gt;Update the APN to \"airalo2\"(iOS)\/Create a new APN as \"airalo2\" (Android)\u00a0&lt;\/li&gt;&lt;li&gt;Enable data roaming.&lt;\/li&gt;&lt;\/ol&gt;&lt;p&gt;&lt;b&gt;To top-up:&lt;\/b&gt;&lt;\/p&gt;&lt;p&gt;Visit airalo.com\/my-esims or if purchased through the Airalo website\/app visit \u201cMy eSIMs\u201d tab.&lt;\/p&gt;&lt;p&gt;&lt;br&gt;&lt;\/p&gt;","qrcode_installation":"&lt;p&gt;&lt;b&gt;eSIM name:&lt;\/b&gt;\u00a0Merhaba&lt;\/p&gt;&lt;p&gt;&lt;b&gt;Coverage:\u00a0&lt;\/b&gt;Turkey&lt;\/p&gt;&lt;p&gt;&lt;b&gt;To activate the eSIM by scanning the QR code on your eSIM capable device you need to print or display this QR code on another device:&lt;\/b&gt;&lt;\/p&gt;&lt;ol&gt;&lt;li&gt;Settings &gt; Cellular\/Mobile &gt; Add Cellular\/Mobile Plan.&lt;\/li&gt;&lt;li&gt;Scan QR code.&lt;\/li&gt;&lt;li&gt;Confirm eSIM plan details.&lt;\/li&gt;&lt;li&gt;Label the eSIM.&lt;\/li&gt;&lt;\/ol&gt;&lt;p&gt;&lt;b&gt;To access Data:&lt;\/b&gt;&lt;\/p&gt;&lt;ol&gt;&lt;li&gt;Locate the APN settings in your settings menu.&lt;\/li&gt;&lt;li&gt;Update the APN to \"airalo2\"(iOS)\/Create a new APN as \"airalo2\" (Android)&lt;\/li&gt;&lt;li&gt;Enable data roaming.&lt;\/li&gt;&lt;\/ol&gt;&lt;p&gt;&lt;b&gt;To top-up:&lt;\/b&gt;&lt;\/p&gt;&lt;p&gt;Visit airalo.com\/my-esims or if purchased through the Airalo website\/app visit \u201cMy eSIMs\u201d tab.&lt;\/p&gt;&lt;p&gt;&lt;br&gt;&lt;\/p&gt;","installation_guides":{"en":"https:\/\/www.airalo.com\/help\/getting-started-with-airalo"},"text":null,"voice":null,"net_price":3.6,"status":{"name":"Completed","slug":"completed"}}},{"id":276563,"created_at":"2025-07-03 18:07:02","iccid":"8936000000002512","lpa":"generated.airalo.lpa.test","imsis":null,"matching_id":"9304786094","confirmation_code":null,"qrcode":"LPA:1$generated.airalo.lpa.test$9304786094","qrcode_url":"https:\/\/sandbox.airalo.com\/qr?expires=1837879622&amp;id=315187&amp;signature=af823672d87c1ec1253f9723842b3fbcc60337bb383a408cebc730ffeab9d9d1","direct_apple_installation_url":"https:\/\/esimsetup.apple.com\/esim_qrcode_provisioning?carddata=LPA:1$generated.airalo.lpa.test$9304786094","voucher_code":null,"airalo_code":null,"apn_type":"manual","apn_value":"airalo2","is_roaming":true,"brand_settings_name":null,"msisdn":null,"apn":{"ios":{"apn_type":"manual","apn_value":"airalo2"},"android":{"apn_type":"manual","apn_value":"airalo2"}},"recycled":false,"recycled_at":null,"simable":{"id":187453,"code":"20250703-187453","package_id":"merhaba-7days-1gb","currency":"USD","quantity":6,"type":"sim","description":"Order the eSIMs","esim_type":"Prepaid","validity":"7","package":"Merhaba-1 GB - 7 Days","data":"1 GB","price":"4.5","created_at":"2025-07-03 18:07:02","manual_installation":"&lt;p&gt;&lt;b&gt;eSIM name:&lt;\/b&gt;\u00a0Merhaba&lt;\/p&gt;&lt;p&gt;&lt;b&gt;Coverage:\u00a0&lt;\/b&gt;Turkey&lt;\/p&gt;&lt;p&gt;&lt;b&gt;To manually activate the eSIM on your eSIM capable device:&lt;\/b&gt;&lt;\/p&gt;&lt;ol&gt;&lt;li&gt;Settings &gt; Cellular\/Mobile &gt; Add Cellular\/Mobile Plan.&lt;\/li&gt;&lt;li&gt;Manually enter the SM-DP+ Address and activation code.&lt;\/li&gt;&lt;li&gt;Confirm eSIM plan details.&lt;\/li&gt;&lt;li&gt;Label the eSIM.&lt;\/li&gt;&lt;\/ol&gt;&lt;p&gt;&lt;b&gt;To access Data:&lt;\/b&gt;&lt;\/p&gt;&lt;ol&gt;&lt;li&gt;Locate the APN settings in your settings menu.&lt;\/li&gt;&lt;li&gt;Update the APN to \"airalo2\"(iOS)\/Create a new APN as \"airalo2\" (Android)\u00a0&lt;\/li&gt;&lt;li&gt;Enable data roaming.&lt;\/li&gt;&lt;\/ol&gt;&lt;p&gt;&lt;b&gt;To top-up:&lt;\/b&gt;&lt;\/p&gt;&lt;p&gt;Visit airalo.com\/my-esims or if purchased through the Airalo website\/app visit \u201cMy eSIMs\u201d tab.&lt;\/p&gt;&lt;p&gt;&lt;br&gt;&lt;\/p&gt;","qrcode_installation":"&lt;p&gt;&lt;b&gt;eSIM name:&lt;\/b&gt;\u00a0Merhaba&lt;\/p&gt;&lt;p&gt;&lt;b&gt;Coverage:\u00a0&lt;\/b&gt;Turkey&lt;\/p&gt;&lt;p&gt;&lt;b&gt;To activate the eSIM by scanning the QR code on your eSIM capable device you need to print or display this QR code on another device:&lt;\/b&gt;&lt;\/p&gt;&lt;ol&gt;&lt;li&gt;Settings &gt; Cellular\/Mobile &gt; Add Cellular\/Mobile Plan.&lt;\/li&gt;&lt;li&gt;Scan QR code.&lt;\/li&gt;&lt;li&gt;Confirm eSIM plan details.&lt;\/li&gt;&lt;li&gt;Label the eSIM.&lt;\/li&gt;&lt;\/ol&gt;&lt;p&gt;&lt;b&gt;To access Data:&lt;\/b&gt;&lt;\/p&gt;&lt;ol&gt;&lt;li&gt;Locate the APN settings in your settings menu.&lt;\/li&gt;&lt;li&gt;Update the APN to \"airalo2\"(iOS)\/Create a new APN as \"airalo2\" (Android)&lt;\/li&gt;&lt;li&gt;Enable data roaming.&lt;\/li&gt;&lt;\/ol&gt;&lt;p&gt;&lt;b&gt;To top-up:&lt;\/b&gt;&lt;\/p&gt;&lt;p&gt;Visit airalo.com\/my-esims or if purchased through the Airalo website\/app visit \u201cMy eSIMs\u201d tab.&lt;\/p&gt;&lt;p&gt;&lt;br&gt;&lt;\/p&gt;","installation_guides":{"en":"https:\/\/www.airalo.com\/help\/getting-started-with-airalo"},"text":null,"voice":null,"net_price":3.6,"status":{"name":"Completed","slug":"completed"}}},{"id":276562,"created_at":"2025-07-03 18:07:02","iccid":"873000000000009176","lpa":"lpa.airalo.com","imsis":null,"matching_id":"TEST","confirmation_code":null,"qrcode":"LPA:1$lpa.airalo.com$TEST","qrcode_url":"https:\/\/sandbox.airalo.com\/qr?expires=1837879622&amp;id=315186&amp;signature=4f276a289e957d07af79e41dceb5d875b1f84ac1537b57f09110ed342f8758c0","direct_apple_installation_url":"https:\/\/esimsetup.apple.com\/esim_qrcode_provisioning?carddata=LPA:1$lpa.airalo.com$TEST","voucher_code":null,"airalo_code":null,"apn_type":"manual","apn_value":"airalo2","is_roaming":true,"brand_settings_name":null,"msisdn":null,"apn":{"ios":{"apn_type":"manual","apn_value":"airalo2"},"android":{"apn_type":"manual","apn_value":"airalo2"}},"recycled":false,"recycled_at":null,"simable":{"id":187453,"code":"20250703-187453","package_id":"merhaba-7days-1gb","currency":"USD","quantity":6,"type":"sim","description":"Order the eSIMs","esim_type":"Prepaid","validity":"7","package":"Merhaba-1 GB - 7 Days","data":"1 GB","price":"4.5","created_at":"2025-07-03 18:07:02","manual_installation":"&lt;p&gt;&lt;b&gt;eSIM name:&lt;\/b&gt;\u00a0Merhaba&lt;\/p&gt;&lt;p&gt;&lt;b&gt;Coverage:\u00a0&lt;\/b&gt;Turkey&lt;\/p&gt;&lt;p&gt;&lt;b&gt;To manually activate the eSIM on your eSIM capable device:&lt;\/b&gt;&lt;\/p&gt;&lt;ol&gt;&lt;li&gt;Settings &gt; Cellular\/Mobile &gt; Add Cellular\/Mobile Plan.&lt;\/li&gt;&lt;li&gt;Manually enter the SM-DP+ Address and activation code.&lt;\/li&gt;&lt;li&gt;Confirm eSIM plan details.&lt;\/li&gt;&lt;li&gt;Label the eSIM.&lt;\/li&gt;&lt;\/ol&gt;&lt;p&gt;&lt;b&gt;To access Data:&lt;\/b&gt;&lt;\/p&gt;&lt;ol&gt;&lt;li&gt;Locate the APN settings in your settings menu.&lt;\/li&gt;&lt;li&gt;Update the APN to \"airalo2\"(iOS)\/Create a new APN as \"airalo2\" (Android)\u00a0&lt;\/li&gt;&lt;li&gt;Enable data roaming.&lt;\/li&gt;&lt;\/ol&gt;&lt;p&gt;&lt;b&gt;To top-up:&lt;\/b&gt;&lt;\/p&gt;&lt;p&gt;Visit airalo.com\/my-esims or if purchased through the Airalo website\/app visit \u201cMy eSIMs\u201d tab.&lt;\/p&gt;&lt;p&gt;&lt;br&gt;&lt;\/p&gt;","qrcode_installation":"&lt;p&gt;&lt;b&gt;eSIM name:&lt;\/b&gt;\u00a0Merhaba&lt;\/p&gt;&lt;p&gt;&lt;b&gt;Coverage:\u00a0&lt;\/b&gt;Turkey&lt;\/p&gt;&lt;p&gt;&lt;b&gt;To activate the eSIM by scanning the QR code on your eSIM capable device you need to print or display this QR code on another device:&lt;\/b&gt;&lt;\/p&gt;&lt;ol&gt;&lt;li&gt;Settings &gt; Cellular\/Mobile &gt; Add Cellular\/Mobile Plan.&lt;\/li&gt;&lt;li&gt;Scan QR code.&lt;\/li&gt;&lt;li&gt;Confirm eSIM plan details.&lt;\/li&gt;&lt;li&gt;Label the eSIM.&lt;\/li&gt;&lt;\/ol&gt;&lt;p&gt;&lt;b&gt;To access Data:&lt;\/b&gt;&lt;\/p&gt;&lt;ol&gt;&lt;li&gt;Locate the APN settings in your settings menu.&lt;\/li&gt;&lt;li&gt;Update the APN to \"airalo2\"(iOS)\/Create a new APN as \"airalo2\" (Android)&lt;\/li&gt;&lt;li&gt;Enable data roaming.&lt;\/li&gt;&lt;\/ol&gt;&lt;p&gt;&lt;b&gt;To top-up:&lt;\/b&gt;&lt;\/p&gt;&lt;p&gt;Visit airalo.com\/my-esims or if purchased through the Airalo website\/app visit \u201cMy eSIMs\u201d tab.&lt;\/p&gt;&lt;p&gt;&lt;br&gt;&lt;\/p&gt;","installation_guides":{"en":"https:\/\/www.airalo.com\/help\/getting-started-with-airalo"},"text":null,"voice":null,"net_price":3.6,"status":{"name":"Completed","slug":"completed"}}},{"id":276561,"created_at":"2025-07-03 18:07:02","iccid":"8936000000002511","lpa":"generated.airalo.lpa.test","imsis":null,"matching_id":"3412841863","confirmation_code":null,"qrcode":"LPA:1$generated.airalo.lpa.test$3412841863","qrcode_url":"https:\/\/sandbox.airalo.com\/qr?expires=1837879622&amp;id=315185&amp;signature=2ac5240445d693cabc7a38058a12e976e53f0f67d5f14fa61fe110ddccaf4a32","direct_apple_installation_url":"https:\/\/esimsetup.apple.com\/esim_qrcode_provisioning?carddata=LPA:1$generated.airalo.lpa.test$3412841863","voucher_code":null,"airalo_code":null,"apn_type":"manual","apn_value":"airalo2","is_roaming":true,"brand_settings_name":null,"msisdn":null,"apn":{"ios":{"apn_type":"manual","apn_value":"airalo2"},"android":{"apn_type":"manual","apn_value":"airalo2"}},"recycled":false,"recycled_at":null,"simable":{"id":187453,"code":"20250703-187453","package_id":"merhaba-7days-1gb","currency":"USD","quantity":6,"type":"sim","description":"Order the eSIMs","esim_type":"Prepaid","validity":"7","package":"Merhaba-1 GB - 7 Days","data":"1 GB","price":"4.5","created_at":"2025-07-03 18:07:02","manual_installation":"&lt;p&gt;&lt;b&gt;eSIM name:&lt;\/b&gt;\u00a0Merhaba&lt;\/p&gt;&lt;p&gt;&lt;b&gt;Coverage:\u00a0&lt;\/b&gt;Turkey&lt;\/p&gt;&lt;p&gt;&lt;b&gt;To manually activate the eSIM on your eSIM capable device:&lt;\/b&gt;&lt;\/p&gt;&lt;ol&gt;&lt;li&gt;Settings &gt; Cellular\/Mobile &gt; Add Cellular\/Mobile Plan.&lt;\/li&gt;&lt;li&gt;Manually enter the SM-DP+ Address and activation code.&lt;\/li&gt;&lt;li&gt;Confirm eSIM plan details.&lt;\/li&gt;&lt;li&gt;Label the eSIM.&lt;\/li&gt;&lt;\/ol&gt;&lt;p&gt;&lt;b&gt;To access Data:&lt;\/b&gt;&lt;\/p&gt;&lt;ol&gt;&lt;li&gt;Locate the APN settings in your settings menu.&lt;\/li&gt;&lt;li&gt;Update the APN to \"airalo2\"(iOS)\/Create a new APN as \"airalo2\" (Android)\u00a0&lt;\/li&gt;&lt;li&gt;Enable data roaming.&lt;\/li&gt;&lt;\/ol&gt;&lt;p&gt;&lt;b&gt;To top-up:&lt;\/b&gt;&lt;\/p&gt;&lt;p&gt;Visit airalo.com\/my-esims or if purchased through the Airalo website\/app visit \u201cMy eSIMs\u201d tab.&lt;\/p&gt;&lt;p&gt;&lt;br&gt;&lt;\/p&gt;","qrcode_installation":"&lt;p&gt;&lt;b&gt;eSIM name:&lt;\/b&gt;\u00a0Merhaba&lt;\/p&gt;&lt;p&gt;&lt;b&gt;Coverage:\u00a0&lt;\/b&gt;Turkey&lt;\/p&gt;&lt;p&gt;&lt;b&gt;To activate the eSIM by scanning the QR code on your eSIM capable device you need to print or display this QR code on another device:&lt;\/b&gt;&lt;\/p&gt;&lt;ol&gt;&lt;li&gt;Settings &gt; Cellular\/Mobile &gt; Add Cellular\/Mobile Plan.&lt;\/li&gt;&lt;li&gt;Scan QR code.&lt;\/li&gt;&lt;li&gt;Confirm eSIM plan details.&lt;\/li&gt;&lt;li&gt;Label the eSIM.&lt;\/li&gt;&lt;\/ol&gt;&lt;p&gt;&lt;b&gt;To access Data:&lt;\/b&gt;&lt;\/p&gt;&lt;ol&gt;&lt;li&gt;Locate the APN settings in your settings menu.&lt;\/li&gt;&lt;li&gt;Update the APN to \"airalo2\"(iOS)\/Create a new APN as \"airalo2\" (Android)&lt;\/li&gt;&lt;li&gt;Enable data roaming.&lt;\/li&gt;&lt;\/ol&gt;&lt;p&gt;&lt;b&gt;To top-up:&lt;\/b&gt;&lt;\/p&gt;&lt;p&gt;Visit airalo.com\/my-esims or if purchased through the Airalo website\/app visit \u201cMy eSIMs\u201d tab.&lt;\/p&gt;&lt;p&gt;&lt;br&gt;&lt;\/p&gt;","installation_guides":{"en":"https:\/\/www.airalo.com\/help\/getting-started-with-airalo"},"text":null,"voice":null,"net_price":3.6,"status":{"name":"Completed","slug":"completed"}}},{"id":276560,"created_at":"2025-07-03 18:07:02","iccid":"873000000000009175","lpa":"lpa.airalo.com","imsis":null,"matching_id":"TEST","confirmation_code":null,"qrcode":"LPA:1$lpa.airalo.com$TEST","qrcode_url":"https:\/\/sandbox.airalo.com\/qr?expires=1837879622&amp;id=315184&amp;signature=796773e7c9a5aeece6c5265c17b2afa3ac8622e270e32517add08f1749aae774","direct_apple_installation_url":"https:\/\/esimsetup.apple.com\/esim_qrcode_provisioning?carddata=LPA:1$lpa.airalo.com$TEST","voucher_code":null,"airalo_code":null,"apn_type":"manual","apn_value":"airalo2","is_roaming":true,"brand_settings_name":null,"msisdn":null,"apn":{"ios":{"apn_type":"manual","apn_value":"airalo2"},"android":{"apn_type":"manual","apn_value":"airalo2"}},"recycled":false,"recycled_at":null,"simable":{"id":187453,"code":"20250703-187453","package_id":"merhaba-7days-1gb","currency":"USD","quantity":6,"type":"sim","description":"Order the eSIMs","esim_type":"Prepaid","validity":"7","package":"Merhaba-1 GB - 7 Days","data":"1 GB","price":"4.5","created_at":"2025-07-03 18:07:02","manual_installation":"&lt;p&gt;&lt;b&gt;eSIM name:&lt;\/b&gt;\u00a0Merhaba&lt;\/p&gt;&lt;p&gt;&lt;b&gt;Coverage:\u00a0&lt;\/b&gt;Turkey&lt;\/p&gt;&lt;p&gt;&lt;b&gt;To manually activate the eSIM on your eSIM capable device:&lt;\/b&gt;&lt;\/p&gt;&lt;ol&gt;&lt;li&gt;Settings &gt; Cellular\/Mobile &gt; Add Cellular\/Mobile Plan.&lt;\/li&gt;&lt;li&gt;Manually enter the SM-DP+ Address and activation code.&lt;\/li&gt;&lt;li&gt;Confirm eSIM plan details.&lt;\/li&gt;&lt;li&gt;Label the eSIM.&lt;\/li&gt;&lt;\/ol&gt;&lt;p&gt;&lt;b&gt;To access Data:&lt;\/b&gt;&lt;\/p&gt;&lt;ol&gt;&lt;li&gt;Locate the APN settings in your settings menu.&lt;\/li&gt;&lt;li&gt;Update the APN to \"airalo2\"(iOS)\/Create a new APN as \"airalo2\" (Android)\u00a0&lt;\/li&gt;&lt;li&gt;Enable data roaming.&lt;\/li&gt;&lt;\/ol&gt;&lt;p&gt;&lt;b&gt;To top-up:&lt;\/b&gt;&lt;\/p&gt;&lt;p&gt;Visit airalo.com\/my-esims or if purchased through the Airalo website\/app visit \u201cMy eSIMs\u201d tab.&lt;\/p&gt;&lt;p&gt;&lt;br&gt;&lt;\/p&gt;","qrcode_installation":"&lt;p&gt;&lt;b&gt;eSIM name:&lt;\/b&gt;\u00a0Merhaba&lt;\/p&gt;&lt;p&gt;&lt;b&gt;Coverage:\u00a0&lt;\/b&gt;Turkey&lt;\/p&gt;&lt;p&gt;&lt;b&gt;To activate the eSIM by scanning the QR code on your eSIM capable device you need to print or display this QR code on another device:&lt;\/b&gt;&lt;\/p&gt;&lt;ol&gt;&lt;li&gt;Settings &gt; Cellular\/Mobile &gt; Add Cellular\/Mobile Plan.&lt;\/li&gt;&lt;li&gt;Scan QR code.&lt;\/li&gt;&lt;li&gt;Confirm eSIM plan details.&lt;\/li&gt;&lt;li&gt;Label the eSIM.&lt;\/li&gt;&lt;\/ol&gt;&lt;p&gt;&lt;b&gt;To access Data:&lt;\/b&gt;&lt;\/p&gt;&lt;ol&gt;&lt;li&gt;Locate the APN settings in your settings menu.&lt;\/li&gt;&lt;li&gt;Update the APN to \"airalo2\"(iOS)\/Create a new APN as \"airalo2\" (Android)&lt;\/li&gt;&lt;li&gt;Enable data roaming.&lt;\/li&gt;&lt;\/ol&gt;&lt;p&gt;&lt;b&gt;To top-up:&lt;\/b&gt;&lt;\/p&gt;&lt;p&gt;Visit airalo.com\/my-esims or if purchased through the Airalo website\/app visit \u201cMy eSIMs\u201d tab.&lt;\/p&gt;&lt;p&gt;&lt;br&gt;&lt;\/p&gt;","installation_guides":{"en":"https:\/\/www.airalo.com\/help\/getting-started-with-airalo"},"text":null,"voice":null,"net_price":3.6,"status":{"name":"Completed","slug":"completed"}}},{"id":276559,"created_at":"2025-07-03 18:07:02","iccid":"8936000000002510","lpa":"generated.airalo.lpa.test","imsis":null,"matching_id":"3693239163","confirmation_code":null,"qrcode":"LPA:1$generated.airalo.lpa.test$3693239163","qrcode_url":"https:\/\/sandbox.airalo.com\/qr?expires=1837879622&amp;id=315183&amp;signature=ad7930e35cdf8c183f0e9ce08e1433a012ceadb65c0e179c05572bcef8500f10","direct_apple_installation_url":"https:\/\/esimsetup.apple.com\/esim_qrcode_provisioning?carddata=LPA:1$generated.airalo.lpa.test$3693239163","voucher_code":null,"airalo_code":null,"apn_type":"manual","apn_value":"airalo2","is_roaming":true,"brand_settings_name":null,"msisdn":null,"apn":{"ios":{"apn_type":"manual","apn_value":"airalo2"},"android":{"apn_type":"manual","apn_value":"airalo2"}},"recycled":false,"recycled_at":null,"simable":{"id":187453,"code":"20250703-187453","package_id":"merhaba-7days-1gb","currency":"USD","quantity":6,"type":"sim","description":"Order the eSIMs","esim_type":"Prepaid","validity":"7","package":"Merhaba-1 GB - 7 Days","data":"1 GB","price":"4.5","created_at":"2025-07-03 18:07:02","manual_installation":"&lt;p&gt;&lt;b&gt;eSIM name:&lt;\/b&gt;\u00a0Merhaba&lt;\/p&gt;&lt;p&gt;&lt;b&gt;Coverage:\u00a0&lt;\/b&gt;Turkey&lt;\/p&gt;&lt;p&gt;&lt;b&gt;To manually activate the eSIM on your eSIM capable device:&lt;\/b&gt;&lt;\/p&gt;&lt;ol&gt;&lt;li&gt;Settings &gt; Cellular\/Mobile &gt; Add Cellular\/Mobile Plan.&lt;\/li&gt;&lt;li&gt;Manually enter the SM-DP+ Address and activation code.&lt;\/li&gt;&lt;li&gt;Confirm eSIM plan details.&lt;\/li&gt;&lt;li&gt;Label the eSIM.&lt;\/li&gt;&lt;\/ol&gt;&lt;p&gt;&lt;b&gt;To access Data:&lt;\/b&gt;&lt;\/p&gt;&lt;ol&gt;&lt;li&gt;Locate the APN settings in your settings menu.&lt;\/li&gt;&lt;li&gt;Update the APN to \"airalo2\"(iOS)\/Create a new APN as \"airalo2\" (Android)\u00a0&lt;\/li&gt;&lt;li&gt;Enable data roaming.&lt;\/li&gt;&lt;\/ol&gt;&lt;p&gt;&lt;b&gt;To top-up:&lt;\/b&gt;&lt;\/p&gt;&lt;p&gt;Visit airalo.com\/my-esims or if purchased through the Airalo website\/app visit \u201cMy eSIMs\u201d tab.&lt;\/p&gt;&lt;p&gt;&lt;br&gt;&lt;\/p&gt;","qrcode_installation":"&lt;p&gt;&lt;b&gt;eSIM name:&lt;\/b&gt;\u00a0Merhaba&lt;\/p&gt;&lt;p&gt;&lt;b&gt;Coverage:\u00a0&lt;\/b&gt;Turkey&lt;\/p&gt;&lt;p&gt;&lt;b&gt;To activate the eSIM by scanning the QR code on your eSIM capable device you need to print or display this QR code on another device:&lt;\/b&gt;&lt;\/p&gt;&lt;ol&gt;&lt;li&gt;Settings &gt; Cellular\/Mobile &gt; Add Cellular\/Mobile Plan.&lt;\/li&gt;&lt;li&gt;Scan QR code.&lt;\/li&gt;&lt;li&gt;Confirm eSIM plan details.&lt;\/li&gt;&lt;li&gt;Label the eSIM.&lt;\/li&gt;&lt;\/ol&gt;&lt;p&gt;&lt;b&gt;To access Data:&lt;\/b&gt;&lt;\/p&gt;&lt;ol&gt;&lt;li&gt;Locate the APN settings in your settings menu.&lt;\/li&gt;&lt;li&gt;Update the APN to \"airalo2\"(iOS)\/Create a new APN as \"airalo2\" (Android)&lt;\/li&gt;&lt;li&gt;Enable data roaming.&lt;\/li&gt;&lt;\/ol&gt;&lt;p&gt;&lt;b&gt;To top-up:&lt;\/b&gt;&lt;\/p&gt;&lt;p&gt;Visit airalo.com\/my-esims or if purchased through the Airalo website\/app visit \u201cMy eSIMs\u201d tab.&lt;\/p&gt;&lt;p&gt;&lt;br&gt;&lt;\/p&gt;","installation_guides":{"en":"https:\/\/www.airalo.com\/help\/getting-started-with-airalo"},"text":null,"voice":null,"net_price":3.6,"status":{"name":"Completed","slug":"completed"}}},{"id":276558,"created_at":"2025-07-03 18:07:02","iccid":"8936000000002509","lpa":"generated.airalo.lpa.test","imsis":null,"matching_id":"8564159029","confirmation_code":null,"qrcode":"LPA:1$generated.airalo.lpa.test$8564159029","qrcode_url":"https:\/\/sandbox.airalo.com\/qr?expires=1837879622&amp;id=315182&amp;signature=31ee1b4e4779193913d31ed1806dabbfa563664933f61475959bf4816346d991","direct_apple_installation_url":"https:\/\/esimsetup.apple.com\/esim_qrcode_provisioning?carddata=LPA:1$generated.airalo.lpa.test$8564159029","voucher_code":null,"airalo_code":null,"apn_type":"manual","apn_value":"airalo2","is_roaming":true,"brand_settings_name":null,"msisdn":null,"apn":{"ios":{"apn_type":"manual","apn_value":"airalo2"},"android":{"apn_type":"manual","apn_value":"airalo2"}},"recycled":false,"recycled_at":null,"simable":{"id":187453,"code":"20250703-187453","package_id":"merhaba-7days-1gb","currency":"USD","quantity":6,"type":"sim","description":"Order the eSIMs","esim_type":"Prepaid","validity":"7","package":"Merhaba-1 GB - 7 Days","data":"1 GB","price":"4.5","created_at":"2025-07-03 18:07:02","manual_installation":"&lt;p&gt;&lt;b&gt;eSIM name:&lt;\/b&gt;\u00a0Merhaba&lt;\/p&gt;&lt;p&gt;&lt;b&gt;Coverage:\u00a0&lt;\/b&gt;Turkey&lt;\/p&gt;&lt;p&gt;&lt;b&gt;To manually activate the eSIM on your eSIM capable device:&lt;\/b&gt;&lt;\/p&gt;&lt;ol&gt;&lt;li&gt;Settings &gt; Cellular\/Mobile &gt; Add Cellular\/Mobile Plan.&lt;\/li&gt;&lt;li&gt;Manually enter the SM-DP+ Address and activation code.&lt;\/li&gt;&lt;li&gt;Confirm eSIM plan details.&lt;\/li&gt;&lt;li&gt;Label the eSIM.&lt;\/li&gt;&lt;\/ol&gt;&lt;p&gt;&lt;b&gt;To access Data:&lt;\/b&gt;&lt;\/p&gt;&lt;ol&gt;&lt;li&gt;Locate the APN settings in your settings menu.&lt;\/li&gt;&lt;li&gt;Update the APN to \"airalo2\"(iOS)\/Create a new APN as \"airalo2\" (Android)\u00a0&lt;\/li&gt;&lt;li&gt;Enable data roaming.&lt;\/li&gt;&lt;\/ol&gt;&lt;p&gt;&lt;b&gt;To top-up:&lt;\/b&gt;&lt;\/p&gt;&lt;p&gt;Visit airalo.com\/my-esims or if purchased through the Airalo website\/app visit \u201cMy eSIMs\u201d tab.&lt;\/p&gt;&lt;p&gt;&lt;br&gt;&lt;\/p&gt;","qrcode_installation":"&lt;p&gt;&lt;b&gt;eSIM name:&lt;\/b&gt;\u00a0Merhaba&lt;\/p&gt;&lt;p&gt;&lt;b&gt;Coverage:\u00a0&lt;\/b&gt;Turkey&lt;\/p&gt;&lt;p&gt;&lt;b&gt;To activate the eSIM by scanning the QR code on your eSIM capable device you need to print or display this QR code on another device:&lt;\/b&gt;&lt;\/p&gt;&lt;ol&gt;&lt;li&gt;Settings &gt; Cellular\/Mobile &gt; Add Cellular\/Mobile Plan.&lt;\/li&gt;&lt;li&gt;Scan QR code.&lt;\/li&gt;&lt;li&gt;Confirm eSIM plan details.&lt;\/li&gt;&lt;li&gt;Label the eSIM.&lt;\/li&gt;&lt;\/ol&gt;&lt;p&gt;&lt;b&gt;To access Data:&lt;\/b&gt;&lt;\/p&gt;&lt;ol&gt;&lt;li&gt;Locate the APN settings in your settings menu.&lt;\/li&gt;&lt;li&gt;Update the APN to \"airalo2\"(iOS)\/Create a new APN as \"airalo2\" (Android)&lt;\/li&gt;&lt;li&gt;Enable data roaming.&lt;\/li&gt;&lt;\/ol&gt;&lt;p&gt;&lt;b&gt;To top-up:&lt;\/b&gt;&lt;\/p&gt;&lt;p&gt;Visit airalo.com\/my-esims or if purchased through the Airalo website\/app visit \u201cMy eSIMs\u201d tab.&lt;\/p&gt;&lt;p&gt;&lt;br&gt;&lt;\/p&gt;","installation_guides":{"en":"https:\/\/www.airalo.com\/help\/getting-started-with-airalo"},"text":null,"voice":null,"net_price":3.6,"status":{"name":"Completed","slug":"completed"}}},{"id":276557,"created_at":"2025-07-03 18:06:16","iccid":"873000000000009174","lpa":"lpa.airalo.com","imsis":null,"matching_id":"TEST","confirmation_code":null,"qrcode":"LPA:1$lpa.airalo.com$TEST","qrcode_url":"https:\/\/sandbox.airalo.com\/qr?expires=1837879576&amp;id=315181&amp;signature=a3264b4dee96a35d09785d1b14760d69de5cbdf5099ec558bb373bbd3206c527","direct_apple_installation_url":"https:\/\/esimsetup.apple.com\/esim_qrcode_provisioning?carddata=LPA:1$lpa.airalo.com$TEST","voucher_code":null,"airalo_code":null,"apn_type":"manual","apn_value":"airalo2","is_roaming":true,"brand_settings_name":null,"msisdn":null,"apn":{"ios":{"apn_type":"manual","apn_value":"airalo2"},"android":{"apn_type":"manual","apn_value":"airalo2"}},"recycled":false,"recycled_at":null,"simable":{"id":187452,"code":"20250703-187452","package_id":"merhaba-7days-1gb","currency":"USD","quantity":6,"type":"sim","description":"Order the eSIMs","esim_type":"Prepaid","validity":"7","package":"Merhaba-1 GB - 7 Days","data":"1 GB","price":"4.5","created_at":"2025-07-03 18:06:16","manual_installation":"&lt;p&gt;&lt;b&gt;eSIM name:&lt;\/b&gt;\u00a0Merhaba&lt;\/p&gt;&lt;p&gt;&lt;b&gt;Coverage:\u00a0&lt;\/b&gt;Turkey&lt;\/p&gt;&lt;p&gt;&lt;b&gt;To manually activate the eSIM on your eSIM capable device:&lt;\/b&gt;&lt;\/p&gt;&lt;ol&gt;&lt;li&gt;Settings &gt; Cellular\/Mobile &gt; Add Cellular\/Mobile Plan.&lt;\/li&gt;&lt;li&gt;Manually enter the SM-DP+ Address and activation code.&lt;\/li&gt;&lt;li&gt;Confirm eSIM plan details.&lt;\/li&gt;&lt;li&gt;Label the eSIM.&lt;\/li&gt;&lt;\/ol&gt;&lt;p&gt;&lt;b&gt;To access Data:&lt;\/b&gt;&lt;\/p&gt;&lt;ol&gt;&lt;li&gt;Locate the APN settings in your settings menu.&lt;\/li&gt;&lt;li&gt;Update the APN to \"airalo2\"(iOS)\/Create a new APN as \"airalo2\" (Android)\u00a0&lt;\/li&gt;&lt;li&gt;Enable data roaming.&lt;\/li&gt;&lt;\/ol&gt;&lt;p&gt;&lt;b&gt;To top-up:&lt;\/b&gt;&lt;\/p&gt;&lt;p&gt;Visit airalo.com\/my-esims or if purchased through the Airalo website\/app visit \u201cMy eSIMs\u201d tab.&lt;\/p&gt;&lt;p&gt;&lt;br&gt;&lt;\/p&gt;","qrcode_installation":"&lt;p&gt;&lt;b&gt;eSIM name:&lt;\/b&gt;\u00a0Merhaba&lt;\/p&gt;&lt;p&gt;&lt;b&gt;Coverage:\u00a0&lt;\/b&gt;Turkey&lt;\/p&gt;&lt;p&gt;&lt;b&gt;To activate the eSIM by scanning the QR code on your eSIM capable device you need to print or display this QR code on another device:&lt;\/b&gt;&lt;\/p&gt;&lt;ol&gt;&lt;li&gt;Settings &gt; Cellular\/Mobile &gt; Add Cellular\/Mobile Plan.&lt;\/li&gt;&lt;li&gt;Scan QR code.&lt;\/li&gt;&lt;li&gt;Confirm eSIM plan details.&lt;\/li&gt;&lt;li&gt;Label the eSIM.&lt;\/li&gt;&lt;\/ol&gt;&lt;p&gt;&lt;b&gt;To access Data:&lt;\/b&gt;&lt;\/p&gt;&lt;ol&gt;&lt;li&gt;Locate the APN settings in your settings menu.&lt;\/li&gt;&lt;li&gt;Update the APN to \"airalo2\"(iOS)\/Create a new APN as \"airalo2\" (Android)&lt;\/li&gt;&lt;li&gt;Enable data roaming.&lt;\/li&gt;&lt;\/ol&gt;&lt;p&gt;&lt;b&gt;To top-up:&lt;\/b&gt;&lt;\/p&gt;&lt;p&gt;Visit airalo.com\/my-esims or if purchased through the Airalo website\/app visit \u201cMy eSIMs\u201d tab.&lt;\/p&gt;&lt;p&gt;&lt;br&gt;&lt;\/p&gt;","installation_guides":{"en":"https:\/\/www.airalo.com\/help\/getting-started-with-airalo"},"text":null,"voice":null,"net_price":3.6,"status":{"name":"Completed","slug":"completed"}}},{"id":276556,"created_at":"2025-07-03 18:06:16","iccid":"8936000000002508","lpa":"generated.airalo.lpa.test","imsis":null,"matching_id":"6929288603","confirmation_code":null,"qrcode":"LPA:1$generated.airalo.lpa.test$6929288603","qrcode_url":"https:\/\/sandbox.airalo.com\/qr?expires=1837879576&amp;id=315180&amp;signature=544a37f3345bbe6a9081dd1aa3e80b704387456b44b2915a2d85de6c4a668864","direct_apple_installation_url":"https:\/\/esimsetup.apple.com\/esim_qrcode_provisioning?carddata=LPA:1$generated.airalo.lpa.test$6929288603","voucher_code":null,"airalo_code":null,"apn_type":"manual","apn_value":"airalo2","is_roaming":true,"brand_settings_name":null,"msisdn":null,"apn":{"ios":{"apn_type":"manual","apn_value":"airalo2"},"android":{"apn_type":"manual","apn_value":"airalo2"}},"recycled":false,"recycled_at":null,"simable":{"id":187452,"code":"20250703-187452","package_id":"merhaba-7days-1gb","currency":"USD","quantity":6,"type":"sim","description":"Order the eSIMs","esim_type":"Prepaid","validity":"7","package":"Merhaba-1 GB - 7 Days","data":"1 GB","price":"4.5","created_at":"2025-07-03 18:06:16","manual_installation":"&lt;p&gt;&lt;b&gt;eSIM name:&lt;\/b&gt;\u00a0Merhaba&lt;\/p&gt;&lt;p&gt;&lt;b&gt;Coverage:\u00a0&lt;\/b&gt;Turkey&lt;\/p&gt;&lt;p&gt;&lt;b&gt;To manually activate the eSIM on your eSIM capable device:&lt;\/b&gt;&lt;\/p&gt;&lt;ol&gt;&lt;li&gt;Settings &gt; Cellular\/Mobile &gt; Add Cellular\/Mobile Plan.&lt;\/li&gt;&lt;li&gt;Manually enter the SM-DP+ Address and activation code.&lt;\/li&gt;&lt;li&gt;Confirm eSIM plan details.&lt;\/li&gt;&lt;li&gt;Label the eSIM.&lt;\/li&gt;&lt;\/ol&gt;&lt;p&gt;&lt;b&gt;To access Data:&lt;\/b&gt;&lt;\/p&gt;&lt;ol&gt;&lt;li&gt;Locate the APN settings in your settings menu.&lt;\/li&gt;&lt;li&gt;Update the APN to \"airalo2\"(iOS)\/Create a new APN as \"airalo2\" (Android)\u00a0&lt;\/li&gt;&lt;li&gt;Enable data roaming.&lt;\/li&gt;&lt;\/ol&gt;&lt;p&gt;&lt;b&gt;To top-up:&lt;\/b&gt;&lt;\/p&gt;&lt;p&gt;Visit airalo.com\/my-esims or if purchased through the Airalo website\/app visit \u201cMy eSIMs\u201d tab.&lt;\/p&gt;&lt;p&gt;&lt;br&gt;&lt;\/p&gt;","qrcode_installation":"&lt;p&gt;&lt;b&gt;eSIM name:&lt;\/b&gt;\u00a0Merhaba&lt;\/p&gt;&lt;p&gt;&lt;b&gt;Coverage:\u00a0&lt;\/b&gt;Turkey&lt;\/p&gt;&lt;p&gt;&lt;b&gt;To activate the eSIM by scanning the QR code on your eSIM capable device you need to print or display this QR code on another device:&lt;\/b&gt;&lt;\/p&gt;&lt;ol&gt;&lt;li&gt;Settings &gt; Cellular\/Mobile &gt; Add Cellular\/Mobile Plan.&lt;\/li&gt;&lt;li&gt;Scan QR code.&lt;\/li&gt;&lt;li&gt;Confirm eSIM plan details.&lt;\/li&gt;&lt;li&gt;Label the eSIM.&lt;\/li&gt;&lt;\/ol&gt;&lt;p&gt;&lt;b&gt;To access Data:&lt;\/b&gt;&lt;\/p&gt;&lt;ol&gt;&lt;li&gt;Locate the APN settings in your settings menu.&lt;\/li&gt;&lt;li&gt;Update the APN to \"airalo2\"(iOS)\/Create a new APN as \"airalo2\" (Android)&lt;\/li&gt;&lt;li&gt;Enable data roaming.&lt;\/li&gt;&lt;\/ol&gt;&lt;p&gt;&lt;b&gt;To top-up:&lt;\/b&gt;&lt;\/p&gt;&lt;p&gt;Visit airalo.com\/my-esims or if purchased through the Airalo website\/app visit \u201cMy eSIMs\u201d tab.&lt;\/p&gt;&lt;p&gt;&lt;br&gt;&lt;\/p&gt;","installation_guides":{"en":"https:\/\/www.airalo.com\/help\/getting-started-with-airalo"},"text":null,"voice":null,"net_price":3.6,"status":{"name":"Completed","slug":"completed"}}},{"id":276555,"created_at":"2025-07-03 18:06:16","iccid":"873000000000009173","lpa":"lpa.airalo.com","imsis":null,"matching_id":"TEST","confirmation_code":null,"qrcode":"LPA:1$lpa.airalo.com$TEST","qrcode_url":"https:\/\/sandbox.airalo.com\/qr?expires=1837879576&amp;id=315179&amp;signature=f96f7d4599856be424e41a635c52158ed47ddf578f386ac2fa97257dc43555c4","direct_apple_installation_url":"https:\/\/esimsetup.apple.com\/esim_qrcode_provisioning?carddata=LPA:1$lpa.airalo.com$TEST","voucher_code":null,"airalo_code":null,"apn_type":"manual","apn_value":"airalo2","is_roaming":true,"brand_settings_name":null,"msisdn":null,"apn":{"ios":{"apn_type":"manual","apn_value":"airalo2"},"android":{"apn_type":"manual","apn_value":"airalo2"}},"recycled":false,"recycled_at":null,"simable":{"id":187452,"code":"20250703-187452","package_id":"merhaba-7days-1gb","currency":"USD","quantity":6,"type":"sim","description":"Order the eSIMs","esim_type":"Prepaid","validity":"7","package":"Merhaba-1 GB - 7 Days","data":"1 GB","price":"4.5","created_at":"2025-07-03 18:06:16","manual_installation":"&lt;p&gt;&lt;b&gt;eSIM name:&lt;\/b&gt;\u00a0Merhaba&lt;\/p&gt;&lt;p&gt;&lt;b&gt;Coverage:\u00a0&lt;\/b&gt;Turkey&lt;\/p&gt;&lt;p&gt;&lt;b&gt;To manually activate the eSIM on your eSIM capable device:&lt;\/b&gt;&lt;\/p&gt;&lt;ol&gt;&lt;li&gt;Settings &gt; Cellular\/Mobile &gt; Add Cellular\/Mobile Plan.&lt;\/li&gt;&lt;li&gt;Manually enter the SM-DP+ Address and activation code.&lt;\/li&gt;&lt;li&gt;Confirm eSIM plan details.&lt;\/li&gt;&lt;li&gt;Label the eSIM.&lt;\/li&gt;&lt;\/ol&gt;&lt;p&gt;&lt;b&gt;To access Data:&lt;\/b&gt;&lt;\/p&gt;&lt;ol&gt;&lt;li&gt;Locate the APN settings in your settings menu.&lt;\/li&gt;&lt;li&gt;Update the APN to \"airalo2\"(iOS)\/Create a new APN as \"airalo2\" (Android)\u00a0&lt;\/li&gt;&lt;li&gt;Enable data roaming.&lt;\/li&gt;&lt;\/ol&gt;&lt;p&gt;&lt;b&gt;To top-up:&lt;\/b&gt;&lt;\/p&gt;&lt;p&gt;Visit airalo.com\/my-esims or if purchased through the Airalo website\/app visit \u201cMy eSIMs\u201d tab.&lt;\/p&gt;&lt;p&gt;&lt;br&gt;&lt;\/p&gt;","qrcode_installation":"&lt;p&gt;&lt;b&gt;eSIM name:&lt;\/b&gt;\u00a0Merhaba&lt;\/p&gt;&lt;p&gt;&lt;b&gt;Coverage:\u00a0&lt;\/b&gt;Turkey&lt;\/p&gt;&lt;p&gt;&lt;b&gt;To activate the eSIM by scanning the QR code on your eSIM capable device you need to print or display this QR code on another device:&lt;\/b&gt;&lt;\/p&gt;&lt;ol&gt;&lt;li&gt;Settings &gt; Cellular\/Mobile &gt; Add Cellular\/Mobile Plan.&lt;\/li&gt;&lt;li&gt;Scan QR code.&lt;\/li&gt;&lt;li&gt;Confirm eSIM plan details.&lt;\/li&gt;&lt;li&gt;Label the eSIM.&lt;\/li&gt;&lt;\/ol&gt;&lt;p&gt;&lt;b&gt;To access Data:&lt;\/b&gt;&lt;\/p&gt;&lt;ol&gt;&lt;li&gt;Locate the APN settings in your settings menu.&lt;\/li&gt;&lt;li&gt;Update the APN to \"airalo2\"(iOS)\/Create a new APN as \"airalo2\" (Android)&lt;\/li&gt;&lt;li&gt;Enable data roaming.&lt;\/li&gt;&lt;\/ol&gt;&lt;p&gt;&lt;b&gt;To top-up:&lt;\/b&gt;&lt;\/p&gt;&lt;p&gt;Visit airalo.com\/my-esims or if purchased through the Airalo website\/app visit \u201cMy eSIMs\u201d tab.&lt;\/p&gt;&lt;p&gt;&lt;br&gt;&lt;\/p&gt;","installation_guides":{"en":"https:\/\/www.airalo.com\/help\/getting-started-with-airalo"},"text":null,"voice":null,"net_price":3.6,"status":{"name":"Completed","slug":"completed"}}},{"id":276554,"created_at":"2025-07-03 18:06:16","iccid":"8936000000002507","lpa":"generated.airalo.lpa.test","imsis":null,"matching_id":"3661880425","confirmation_code":null,"qrcode":"LPA:1$generated.airalo.lpa.test$3661880425","qrcode_url":"https:\/\/sandbox.airalo.com\/qr?expires=1837879576&amp;id=315178&amp;signature=8e464f42b99f3020eb554722cf3e93f020db8622892b1c07d21b11a276d7b752","direct_apple_installation_url":"https:\/\/esimsetup.apple.com\/esim_qrcode_provisioning?carddata=LPA:1$generated.airalo.lpa.test$3661880425","voucher_code":null,"airalo_code":null,"apn_type":"manual","apn_value":"airalo2","is_roaming":true,"brand_settings_name":null,"msisdn":null,"apn":{"ios":{"apn_type":"manual","apn_value":"airalo2"},"android":{"apn_type":"manual","apn_value":"airalo2"}},"recycled":false,"recycled_at":null,"simable":{"id":187452,"code":"20250703-187452","package_id":"merhaba-7days-1gb","currency":"USD","quantity":6,"type":"sim","description":"Order the eSIMs","esim_type":"Prepaid","validity":"7","package":"Merhaba-1 GB - 7 Days","data":"1 GB","price":"4.5","created_at":"2025-07-03 18:06:16","manual_installation":"&lt;p&gt;&lt;b&gt;eSIM name:&lt;\/b&gt;\u00a0Merhaba&lt;\/p&gt;&lt;p&gt;&lt;b&gt;Coverage:\u00a0&lt;\/b&gt;Turkey&lt;\/p&gt;&lt;p&gt;&lt;b&gt;To manually activate the eSIM on your eSIM capable device:&lt;\/b&gt;&lt;\/p&gt;&lt;ol&gt;&lt;li&gt;Settings &gt; Cellular\/Mobile &gt; Add Cellular\/Mobile Plan.&lt;\/li&gt;&lt;li&gt;Manually enter the SM-DP+ Address and activation code.&lt;\/li&gt;&lt;li&gt;Confirm eSIM plan details.&lt;\/li&gt;&lt;li&gt;Label the eSIM.&lt;\/li&gt;&lt;\/ol&gt;&lt;p&gt;&lt;b&gt;To access Data:&lt;\/b&gt;&lt;\/p&gt;&lt;ol&gt;&lt;li&gt;Locate the APN settings in your settings menu.&lt;\/li&gt;&lt;li&gt;Update the APN to \"airalo2\"(iOS)\/Create a new APN as \"airalo2\" (Android)\u00a0&lt;\/li&gt;&lt;li&gt;Enable data roaming.&lt;\/li&gt;&lt;\/ol&gt;&lt;p&gt;&lt;b&gt;To top-up:&lt;\/b&gt;&lt;\/p&gt;&lt;p&gt;Visit airalo.com\/my-esims or if purchased through the Airalo website\/app visit \u201cMy eSIMs\u201d tab.&lt;\/p&gt;&lt;p&gt;&lt;br&gt;&lt;\/p&gt;","qrcode_installation":"&lt;p&gt;&lt;b&gt;eSIM name:&lt;\/b&gt;\u00a0Merhaba&lt;\/p&gt;&lt;p&gt;&lt;b&gt;Coverage:\u00a0&lt;\/b&gt;Turkey&lt;\/p&gt;&lt;p&gt;&lt;b&gt;To activate the eSIM by scanning the QR code on your eSIM capable device you need to print or display this QR code on another device:&lt;\/b&gt;&lt;\/p&gt;&lt;ol&gt;&lt;li&gt;Settings &gt; Cellular\/Mobile &gt; Add Cellular\/Mobile Plan.&lt;\/li&gt;&lt;li&gt;Scan QR code.&lt;\/li&gt;&lt;li&gt;Confirm eSIM plan details.&lt;\/li&gt;&lt;li&gt;Label the eSIM.&lt;\/li&gt;&lt;\/ol&gt;&lt;p&gt;&lt;b&gt;To access Data:&lt;\/b&gt;&lt;\/p&gt;&lt;ol&gt;&lt;li&gt;Locate the APN settings in your settings menu.&lt;\/li&gt;&lt;li&gt;Update the APN to \"airalo2\"(iOS)\/Create a new APN as \"airalo2\" (Android)&lt;\/li&gt;&lt;li&gt;Enable data roaming.&lt;\/li&gt;&lt;\/ol&gt;&lt;p&gt;&lt;b&gt;To top-up:&lt;\/b&gt;&lt;\/p&gt;&lt;p&gt;Visit airalo.com\/my-esims or if purchased through the Airalo website\/app visit \u201cMy eSIMs\u201d tab.&lt;\/p&gt;&lt;p&gt;&lt;br&gt;&lt;\/p&gt;","installation_guides":{"en":"https:\/\/www.airalo.com\/help\/getting-started-with-airalo"},"text":null,"voice":null,"net_price":3.6,"status":{"name":"Completed","slug":"completed"}}},{"id":276553,"created_at":"2025-07-03 18:06:16","iccid":"873000000000009172","lpa":"lpa.airalo.com","imsis":null,"matching_id":"TEST","confirmation_code":null,"qrcode":"LPA:1$lpa.airalo.com$TEST","qrcode_url":"https:\/\/sandbox.airalo.com\/qr?expires=1837879576&amp;id=315177&amp;signature=c72346f8d84c67c75697fa2765e7cfc265eae757032bc23bdf59ac4aeb4fc3d5","direct_apple_installation_url":"https:\/\/esimsetup.apple.com\/esim_qrcode_provisioning?carddata=LPA:1$lpa.airalo.com$TEST","voucher_code":null,"airalo_code":null,"apn_type":"manual","apn_value":"airalo2","is_roaming":true,"brand_settings_name":null,"msisdn":null,"apn":{"ios":{"apn_type":"manual","apn_value":"airalo2"},"android":{"apn_type":"manual","apn_value":"airalo2"}},"recycled":false,"recycled_at":null,"simable":{"id":187452,"code":"20250703-187452","package_id":"merhaba-7days-1gb","currency":"USD","quantity":6,"type":"sim","description":"Order the eSIMs","esim_type":"Prepaid","validity":"7","package":"Merhaba-1 GB - 7 Days","data":"1 GB","price":"4.5","created_at":"2025-07-03 18:06:16","manual_installation":"&lt;p&gt;&lt;b&gt;eSIM name:&lt;\/b&gt;\u00a0Merhaba&lt;\/p&gt;&lt;p&gt;&lt;b&gt;Coverage:\u00a0&lt;\/b&gt;Turkey&lt;\/p&gt;&lt;p&gt;&lt;b&gt;To manually activate the eSIM on your eSIM capable device:&lt;\/b&gt;&lt;\/p&gt;&lt;ol&gt;&lt;li&gt;Settings &gt; Cellular\/Mobile &gt; Add Cellular\/Mobile Plan.&lt;\/li&gt;&lt;li&gt;Manually enter the SM-DP+ Address and activation code.&lt;\/li&gt;&lt;li&gt;Confirm eSIM plan details.&lt;\/li&gt;&lt;li&gt;Label the eSIM.&lt;\/li&gt;&lt;\/ol&gt;&lt;p&gt;&lt;b&gt;To access Data:&lt;\/b&gt;&lt;\/p&gt;&lt;ol&gt;&lt;li&gt;Locate the APN settings in your settings menu.&lt;\/li&gt;&lt;li&gt;Update the APN to \"airalo2\"(iOS)\/Create a new APN as \"airalo2\" (Android)\u00a0&lt;\/li&gt;&lt;li&gt;Enable data roaming.&lt;\/li&gt;&lt;\/ol&gt;&lt;p&gt;&lt;b&gt;To top-up:&lt;\/b&gt;&lt;\/p&gt;&lt;p&gt;Visit airalo.com\/my-esims or if purchased through the Airalo website\/app visit \u201cMy eSIMs\u201d tab.&lt;\/p&gt;&lt;p&gt;&lt;br&gt;&lt;\/p&gt;","qrcode_installation":"&lt;p&gt;&lt;b&gt;eSIM name:&lt;\/b&gt;\u00a0Merhaba&lt;\/p&gt;&lt;p&gt;&lt;b&gt;Coverage:\u00a0&lt;\/b&gt;Turkey&lt;\/p&gt;&lt;p&gt;&lt;b&gt;To activate the eSIM by scanning the QR code on your eSIM capable device you need to print or display this QR code on another device:&lt;\/b&gt;&lt;\/p&gt;&lt;ol&gt;&lt;li&gt;Settings &gt; Cellular\/Mobile &gt; Add Cellular\/Mobile Plan.&lt;\/li&gt;&lt;li&gt;Scan QR code.&lt;\/li&gt;&lt;li&gt;Confirm eSIM plan details.&lt;\/li&gt;&lt;li&gt;Label the eSIM.&lt;\/li&gt;&lt;\/ol&gt;&lt;p&gt;&lt;b&gt;To access Data:&lt;\/b&gt;&lt;\/p&gt;&lt;ol&gt;&lt;li&gt;Locate the APN settings in your settings menu.&lt;\/li&gt;&lt;li&gt;Update the APN to \"airalo2\"(iOS)\/Create a new APN as \"airalo2\" (Android)&lt;\/li&gt;&lt;li&gt;Enable data roaming.&lt;\/li&gt;&lt;\/ol&gt;&lt;p&gt;&lt;b&gt;To top-up:&lt;\/b&gt;&lt;\/p&gt;&lt;p&gt;Visit airalo.com\/my-esims or if purchased through the Airalo website\/app visit \u201cMy eSIMs\u201d tab.&lt;\/p&gt;&lt;p&gt;&lt;br&gt;&lt;\/p&gt;","installation_guides":{"en":"https:\/\/www.airalo.com\/help\/getting-started-with-airalo"},"text":null,"voice":null,"net_price":3.6,"status":{"name":"Completed","slug":"completed"}}},{"id":276552,"created_at":"2025-07-03 18:06:16","iccid":"8936000000002506","lpa":"generated.airalo.lpa.test","imsis":null,"matching_id":"9342813918","confirmation_code":null,"qrcode":"LPA:1$generated.airalo.lpa.test$9342813918","qrcode_url":"https:\/\/sandbox.airalo.com\/qr?expires=1837879576&amp;id=315176&amp;signature=5a795ed6c79a7d0764dee0e07f968143c96be1153d3249195959210645e43ad7","direct_apple_installation_url":"https:\/\/esimsetup.apple.com\/esim_qrcode_provisioning?carddata=LPA:1$generated.airalo.lpa.test$9342813918","voucher_code":null,"airalo_code":null,"apn_type":"manual","apn_value":"airalo2","is_roaming":true,"brand_settings_name":null,"msisdn":null,"apn":{"ios":{"apn_type":"manual","apn_value":"airalo2"},"android":{"apn_type":"manual","apn_value":"airalo2"}},"recycled":false,"recycled_at":null,"simable":{"id":187452,"code":"20250703-187452","package_id":"merhaba-7days-1gb","currency":"USD","quantity":6,"type":"sim","description":"Order the eSIMs","esim_type":"Prepaid","validity":"7","package":"Merhaba-1 GB - 7 Days","data":"1 GB","price":"4.5","created_at":"2025-07-03 18:06:16","manual_installation":"&lt;p&gt;&lt;b&gt;eSIM name:&lt;\/b&gt;\u00a0Merhaba&lt;\/p&gt;&lt;p&gt;&lt;b&gt;Coverage:\u00a0&lt;\/b&gt;Turkey&lt;\/p&gt;&lt;p&gt;&lt;b&gt;To manually activate the eSIM on your eSIM capable device:&lt;\/b&gt;&lt;\/p&gt;&lt;ol&gt;&lt;li&gt;Settings &gt; Cellular\/Mobile &gt; Add Cellular\/Mobile Plan.&lt;\/li&gt;&lt;li&gt;Manually enter the SM-DP+ Address and activation code.&lt;\/li&gt;&lt;li&gt;Confirm eSIM plan details.&lt;\/li&gt;&lt;li&gt;Label the eSIM.&lt;\/li&gt;&lt;\/ol&gt;&lt;p&gt;&lt;b&gt;To access Data:&lt;\/b&gt;&lt;\/p&gt;&lt;ol&gt;&lt;li&gt;Locate the APN settings in your settings menu.&lt;\/li&gt;&lt;li&gt;Update the APN to \"airalo2\"(iOS)\/Create a new APN as \"airalo2\" (Android)\u00a0&lt;\/li&gt;&lt;li&gt;Enable data roaming.&lt;\/li&gt;&lt;\/ol&gt;&lt;p&gt;&lt;b&gt;To top-up:&lt;\/b&gt;&lt;\/p&gt;&lt;p&gt;Visit airalo.com\/my-esims or if purchased through the Airalo website\/app visit \u201cMy eSIMs\u201d tab.&lt;\/p&gt;&lt;p&gt;&lt;br&gt;&lt;\/p&gt;","qrcode_installation":"&lt;p&gt;&lt;b&gt;eSIM name:&lt;\/b&gt;\u00a0Merhaba&lt;\/p&gt;&lt;p&gt;&lt;b&gt;Coverage:\u00a0&lt;\/b&gt;Turkey&lt;\/p&gt;&lt;p&gt;&lt;b&gt;To activate the eSIM by scanning the QR code on your eSIM capable device you need to print or display this QR code on another device:&lt;\/b&gt;&lt;\/p&gt;&lt;ol&gt;&lt;li&gt;Settings &gt; Cellular\/Mobile &gt; Add Cellular\/Mobile Plan.&lt;\/li&gt;&lt;li&gt;Scan QR code.&lt;\/li&gt;&lt;li&gt;Confirm eSIM plan details.&lt;\/li&gt;&lt;li&gt;Label the eSIM.&lt;\/li&gt;&lt;\/ol&gt;&lt;p&gt;&lt;b&gt;To access Data:&lt;\/b&gt;&lt;\/p&gt;&lt;ol&gt;&lt;li&gt;Locate the APN settings in your settings menu.&lt;\/li&gt;&lt;li&gt;Update the APN to \"airalo2\"(iOS)\/Create a new APN as \"airalo2\" (Android)&lt;\/li&gt;&lt;li&gt;Enable data roaming.&lt;\/li&gt;&lt;\/ol&gt;&lt;p&gt;&lt;b&gt;To top-up:&lt;\/b&gt;&lt;\/p&gt;&lt;p&gt;Visit airalo.com\/my-esims or if purchased through the Airalo website\/app visit \u201cMy eSIMs\u201d tab.&lt;\/p&gt;&lt;p&gt;&lt;br&gt;&lt;\/p&gt;","installation_guides":{"en":"https:\/\/www.airalo.com\/help\/getting-started-with-airalo"},"text":null,"voice":null,"net_price":3.6,"status":{"name":"Completed","slug":"completed"}}},{"id":276550,"created_at":"2025-07-03 18:05:04","iccid":"873000000000009171","lpa":"lpa.airalo.com","imsis":null,"matching_id":"TEST","confirmation_code":null,"qrcode":"LPA:1$lpa.airalo.com$TEST","qrcode_url":"https:\/\/sandbox.airalo.com\/qr?expires=1837879504&amp;id=315174&amp;signature=5dfd280b1e872821c8a53c871adcbd93030a07f2f6c7c03e557396c488c47ea7","direct_apple_installation_url":"https:\/\/esimsetup.apple.com\/esim_qrcode_provisioning?carddata=LPA:1$lpa.airalo.com$TEST","voucher_code":null,"airalo_code":null,"apn_type":"manual","apn_value":"airalo2","is_roaming":true,"brand_settings_name":null,"msisdn":null,"apn":{"ios":{"apn_type":"manual","apn_value":"airalo2"},"android":{"apn_type":"manual","apn_value":"airalo2"}},"recycled":false,"recycled_at":null,"simable":{"id":187450,"code":"20250703-187450","package_id":"merhaba-7days-1gb","currency":"USD","quantity":6,"type":"sim","description":"Order the eSIMs","esim_type":"Prepaid","validity":"7","package":"Merhaba-1 GB - 7 Days","data":"1 GB","price":"4.5","created_at":"2025-07-03 18:05:04","manual_installation":"&lt;p&gt;&lt;b&gt;eSIM name:&lt;\/b&gt;\u00a0Merhaba&lt;\/p&gt;&lt;p&gt;&lt;b&gt;Coverage:\u00a0&lt;\/b&gt;Turkey&lt;\/p&gt;&lt;p&gt;&lt;b&gt;To manually activate the eSIM on your eSIM capable device:&lt;\/b&gt;&lt;\/p&gt;&lt;ol&gt;&lt;li&gt;Settings &gt; Cellular\/Mobile &gt; Add Cellular\/Mobile Plan.&lt;\/li&gt;&lt;li&gt;Manually enter the SM-DP+ Address and activation code.&lt;\/li&gt;&lt;li&gt;Confirm eSIM plan details.&lt;\/li&gt;&lt;li&gt;Label the eSIM.&lt;\/li&gt;&lt;\/ol&gt;&lt;p&gt;&lt;b&gt;To access Data:&lt;\/b&gt;&lt;\/p&gt;&lt;ol&gt;&lt;li&gt;Locate the APN settings in your settings menu.&lt;\/li&gt;&lt;li&gt;Update the APN to \"airalo2\"(iOS)\/Create a new APN as \"airalo2\" (Android)\u00a0&lt;\/li&gt;&lt;li&gt;Enable data roaming.&lt;\/li&gt;&lt;\/ol&gt;&lt;p&gt;&lt;b&gt;To top-up:&lt;\/b&gt;&lt;\/p&gt;&lt;p&gt;Visit airalo.com\/my-esims or if purchased through the Airalo website\/app visit \u201cMy eSIMs\u201d tab.&lt;\/p&gt;&lt;p&gt;&lt;br&gt;&lt;\/p&gt;","qrcode_installation":"&lt;p&gt;&lt;b&gt;eSIM name:&lt;\/b&gt;\u00a0Merhaba&lt;\/p&gt;&lt;p&gt;&lt;b&gt;Coverage:\u00a0&lt;\/b&gt;Turkey&lt;\/p&gt;&lt;p&gt;&lt;b&gt;To activate the eSIM by scanning the QR code on your eSIM capable device you need to print or display this QR code on another device:&lt;\/b&gt;&lt;\/p&gt;&lt;ol&gt;&lt;li&gt;Settings &gt; Cellular\/Mobile &gt; Add Cellular\/Mobile Plan.&lt;\/li&gt;&lt;li&gt;Scan QR code.&lt;\/li&gt;&lt;li&gt;Confirm eSIM plan details.&lt;\/li&gt;&lt;li&gt;Label the eSIM.&lt;\/li&gt;&lt;\/ol&gt;&lt;p&gt;&lt;b&gt;To access Data:&lt;\/b&gt;&lt;\/p&gt;&lt;ol&gt;&lt;li&gt;Locate the APN settings in your settings menu.&lt;\/li&gt;&lt;li&gt;Update the APN to \"airalo2\"(iOS)\/Create a new APN as \"airalo2\" (Android)&lt;\/li&gt;&lt;li&gt;Enable data roaming.&lt;\/li&gt;&lt;\/ol&gt;&lt;p&gt;&lt;b&gt;To top-up:&lt;\/b&gt;&lt;\/p&gt;&lt;p&gt;Visit airalo.com\/my-esims or if purchased through the Airalo website\/app visit \u201cMy eSIMs\u201d tab.&lt;\/p&gt;&lt;p&gt;&lt;br&gt;&lt;\/p&gt;","installation_guides":{"en":"https:\/\/www.airalo.com\/help\/getting-started-with-airalo"},"text":null,"voice":null,"net_price":3.6,"status":{"name":"Completed","slug":"completed"}}},{"id":276549,"created_at":"2025-07-03 18:05:04","iccid":"8936000000002504","lpa":"generated.airalo.lpa.test","imsis":null,"matching_id":"1481760417","confirmation_code":null,"qrcode":"LPA:1$generated.airalo.lpa.test$1481760417","qrcode_url":"https:\/\/sandbox.airalo.com\/qr?expires=1837879504&amp;id=315173&amp;signature=2b0af7f6eff065eed2c159594ab655f752a73b8a7034391ae60d22e84d07b8ac","direct_apple_installation_url":"https:\/\/esimsetup.apple.com\/esim_qrcode_provisioning?carddata=LPA:1$generated.airalo.lpa.test$1481760417","voucher_code":null,"airalo_code":null,"apn_type":"manual","apn_value":"airalo2","is_roaming":true,"brand_settings_name":null,"msisdn":null,"apn":{"ios":{"apn_type":"manual","apn_value":"airalo2"},"android":{"apn_type":"manual","apn_value":"airalo2"}},"recycled":false,"recycled_at":null,"simable":{"id":187450,"code":"20250703-187450","package_id":"merhaba-7days-1gb","currency":"USD","quantity":6,"type":"sim","description":"Order the eSIMs","esim_type":"Prepaid","validity":"7","package":"Merhaba-1 GB - 7 Days","data":"1 GB","price":"4.5","created_at":"2025-07-03 18:05:04","manual_installation":"&lt;p&gt;&lt;b&gt;eSIM name:&lt;\/b&gt;\u00a0Merhaba&lt;\/p&gt;&lt;p&gt;&lt;b&gt;Coverage:\u00a0&lt;\/b&gt;Turkey&lt;\/p&gt;&lt;p&gt;&lt;b&gt;To manually activate the eSIM on your eSIM capable device:&lt;\/b&gt;&lt;\/p&gt;&lt;ol&gt;&lt;li&gt;Settings &gt; Cellular\/Mobile &gt; Add Cellular\/Mobile Plan.&lt;\/li&gt;&lt;li&gt;Manually enter the SM-DP+ Address and activation code.&lt;\/li&gt;&lt;li&gt;Confirm eSIM plan details.&lt;\/li&gt;&lt;li&gt;Label the eSIM.&lt;\/li&gt;&lt;\/ol&gt;&lt;p&gt;&lt;b&gt;To access Data:&lt;\/b&gt;&lt;\/p&gt;&lt;ol&gt;&lt;li&gt;Locate the APN settings in your settings menu.&lt;\/li&gt;&lt;li&gt;Update the APN to \"airalo2\"(iOS)\/Create a new APN as \"airalo2\" (Android)\u00a0&lt;\/li&gt;&lt;li&gt;Enable data roaming.&lt;\/li&gt;&lt;\/ol&gt;&lt;p&gt;&lt;b&gt;To top-up:&lt;\/b&gt;&lt;\/p&gt;&lt;p&gt;Visit airalo.com\/my-esims or if purchased through the Airalo website\/app visit \u201cMy eSIMs\u201d tab.&lt;\/p&gt;&lt;p&gt;&lt;br&gt;&lt;\/p&gt;","qrcode_installation":"&lt;p&gt;&lt;b&gt;eSIM name:&lt;\/b&gt;\u00a0Merhaba&lt;\/p&gt;&lt;p&gt;&lt;b&gt;Coverage:\u00a0&lt;\/b&gt;Turkey&lt;\/p&gt;&lt;p&gt;&lt;b&gt;To activate the eSIM by scanning the QR code on your eSIM capable device you need to print or display this QR code on another device:&lt;\/b&gt;&lt;\/p&gt;&lt;ol&gt;&lt;li&gt;Settings &gt; Cellular\/Mobile &gt; Add Cellular\/Mobile Plan.&lt;\/li&gt;&lt;li&gt;Scan QR code.&lt;\/li&gt;&lt;li&gt;Confirm eSIM plan details.&lt;\/li&gt;&lt;li&gt;Label the eSIM.&lt;\/li&gt;&lt;\/ol&gt;&lt;p&gt;&lt;b&gt;To access Data:&lt;\/b&gt;&lt;\/p&gt;&lt;ol&gt;&lt;li&gt;Locate the APN settings in your settings menu.&lt;\/li&gt;&lt;li&gt;Update the APN to \"airalo2\"(iOS)\/Create a new APN as \"airalo2\" (Android)&lt;\/li&gt;&lt;li&gt;Enable data roaming.&lt;\/li&gt;&lt;\/ol&gt;&lt;p&gt;&lt;b&gt;To top-up:&lt;\/b&gt;&lt;\/p&gt;&lt;p&gt;Visit airalo.com\/my-esims or if purchased through the Airalo website\/app visit \u201cMy eSIMs\u201d tab.&lt;\/p&gt;&lt;p&gt;&lt;br&gt;&lt;\/p&gt;","installation_guides":{"en":"https:\/\/www.airalo.com\/help\/getting-started-with-airalo"},"text":null,"voice":null,"net_price":3.6,"status":{"name":"Completed","slug":"completed"}}}],"links":{"first":"https:\/\/sandbox-partners-api.airalo.com\/v2\/sims?include=order.status&amp;limit=20&amp;page=1","last":"https:\/\/sandbox-partners-api.airalo.com\/v2\/sims?include=order.status&amp;limit=20&amp;page=991","prev":null,"next":"https:\/\/sandbox-partners-api.airalo.com\/v2\/sims?include=order.status&amp;limit=20&amp;page=2"},"meta":{"message":"success","current_page":1,"from":1,"last_page":991,"path":"https:\/\/sandbox-partners-api.airalo.com\/v2\/sims","per_page":"20","to":20,"total":19814}}</msg>
<msg time="2025-07-03T20:07:12.745943" level="INFO">${esim_details} = [{'id': 276569, 'created_at': '2025-07-03 18:07:15', 'iccid': '8936000000002516', 'lpa': 'generated.airalo.lpa.test', 'imsis': None, 'matching_id': '2018756157', 'confirmation_code': None, 'qrcode': '...</msg>
<var>${esim_details}</var>
<arg>${token}</arg>
<doc>Retrieve list of eSIMs from the API.</doc>
<status status="PASS" start="2025-07-03T20:07:12.109775" elapsed="0.636270"/>
</kw>
<kw name="Verify Esims" owner="Orders">
<msg time="2025-07-03T20:07:12.746687" level="INFO">ICCID: 8936000000002516 | Status: completed | Package: merhaba-7days-1gb</msg>
<msg time="2025-07-03T20:07:12.746792" level="INFO">Matched ICCID: 8936000000002516 (1/6)</msg>
<msg time="2025-07-03T20:07:12.746884" level="INFO">ICCID: 8936000000002515 | Status: completed | Package: merhaba-7days-1gb</msg>
<msg time="2025-07-03T20:07:12.746968" level="INFO">Matched ICCID: 8936000000002515 (2/6)</msg>
<msg time="2025-07-03T20:07:12.747046" level="INFO">ICCID: 8936000000002514 | Status: completed | Package: merhaba-7days-1gb</msg>
<msg time="2025-07-03T20:07:12.747124" level="INFO">Matched ICCID: 8936000000002514 (3/6)</msg>
<msg time="2025-07-03T20:07:12.747200" level="INFO">ICCID: 873000000000009178 | Status: completed | Package: merhaba-7days-1gb</msg>
<msg time="2025-07-03T20:07:12.747274" level="INFO">Matched ICCID: 873000000000009178 (4/6)</msg>
<msg time="2025-07-03T20:07:12.747355" level="INFO">ICCID: 8936000000002513 | Status: completed | Package: merhaba-7days-1gb</msg>
<msg time="2025-07-03T20:07:12.747429" level="INFO">Matched ICCID: 8936000000002513 (5/6)</msg>
<msg time="2025-07-03T20:07:12.747502" level="INFO">ICCID: 873000000000009177 | Status: completed | Package: merhaba-7days-1gb</msg>
<msg time="2025-07-03T20:07:12.747575" level="INFO">Matched ICCID: 873000000000009177 (6/6)</msg>
<msg time="2025-07-03T20:07:12.747653" level="INFO">✅ All expected ICCIDs verified successfully.</msg>
<arg>${esim_details}</arg>
<arg>${response_payload}</arg>
<arg>${count}</arg>
<doc>Validate a list of eSIMs from the API.</doc>
<status status="PASS" start="2025-07-03T20:07:12.746245" elapsed="0.001498"/>
</kw>
<doc>Get and validate the status of eSIM orders.</doc>
<status status="PASS" start="2025-07-03T20:07:12.109430" elapsed="0.638413"/>
</kw>
<doc>Order 6 eSIMs with a specific package and validate the status of the orders.</doc>
<status status="PASS" start="2025-07-03T20:07:10.298505" elapsed="2.449473"/>
</test>
<status status="PASS" start="2025-07-03T20:07:09.995966" elapsed="2.752717"/>
</suite>
<statistics>
<total>
<stat pass="1" fail="0" skip="0">All Tests</stat>
</total>
<tag>
</tag>
<suite>
<stat name="eSIM" id="s1" pass="1" fail="0" skip="0">eSIM</stat>
</suite>
</statistics>
<errors>
</errors>
</robot>
